{"meta": {"format": 3, "version": "7.10.6", "timestamp": "2026-03-05T18:58:39.662403", "branch_coverage": false, "show_contexts": false}, "files": {"src/__init__.py": {"executed_lines": [2, 28, 29, 30, 33, 44], "summary": {"covered_lines": 5, "num_statements": 5, "percent_covered": 100.0, "percent_covered_display": "100", "missing_lines": 0, "excluded_lines": 0}, "missing_lines": [], "excluded_lines": [], "functions": {"": {"executed_lines": [2, 28, 29, 30, 33, 44], "summary": {"covered_lines": 5, "num_statements": 5, "percent_covered": 100.0, "percent_covered_display": "100", "missing_lines": 0, "excluded_lines": 0}, "missing_lines": [], "excluded_lines": []}}, "classes": {"": {"executed_lines": [2, 28, 29, 30, 33, 44], "summary": {"covered_lines": 5, "num_statements": 5, "percent_covered": 100.0, "percent_covered_display": "100", "missing_lines": 0, "excluded_lines": 0}, "missing_lines": [], "excluded_lines": []}}}, "src/analysis/__init__.py": {"executed_lines": [1, 10, 15], "summary": {"covered_lines": 2, "num_statements": 9, "percent_covered": 22.22222222222222, "percent_covered_display": "22", "missing_lines": 7, "excluded_lines": 0}, "missing_lines": [17, 18, 19, 20, 21, 22, 23], "excluded_lines": [], "functions": {"__getattr__": {"executed_lines": [], "summary": {"covered_lines": 0, "num_statements": 7, "percent_covered": 0.0, "percent_covered_display": "0", "missing_lines": 7, "excluded_lines": 0}, "missing_lines": [17, 18, 19, 20, 21, 22, 23], "excluded_lines": []}, "": {"executed_lines": [1, 10, 15], "summary": {"covered_lines": 2, "num_statements": 2, "percent_covered": 100.0, "percent_covered_display": "100", "missing_lines": 0, "excluded_lines": 0}, "missing_lines": [], "excluded_lines": []}}, "classes": {"": {"executed_lines": [1, 10, 15], "summary": {"covered_lines": 2, "num_statements": 9, "percent_covered": 22.22222222222222, "percent_covered_display": "22", "missing_lines": 7, "excluded_lines": 0}, "missing_lines": [17, 18, 19, 20, 21, 22, 23], "excluded_lines": []}}}, "src/analysis/simulation_assessment.py": {"executed_lines": [1, 8, 9, 10, 11, 12, 13, 15, 18, 19, 23, 30, 31, 33, 40, 48, 55, 56, 57, 60, 61, 64, 65, 91, 94, 95, 106, 108, 115, 122, 123, 124, 125, 158, 165, 172, 173, 174, 175, 210, 217, 225, 226, 227, 228, 229, 231, 233, 235, 236, 237, 240, 241, 242, 243, 245, 247, 249, 252, 254, 256, 258, 260, 267, 279, 286, 289, 292, 296, 297, 299, 302, 303, 305, 306, 308, 309, 311, 312, 314, 317, 319, 327, 328, 329, 331, 332, 333, 335, 336, 339, 346, 347, 350, 351, 352, 353, 354, 355, 356, 357, 359, 360, 363, 364, 365, 367, 371, 372, 373, 377, 378, 379, 383, 384, 385, 388, 389, 390, 391, 393, 396, 398, 401], "summary": {"covered_lines": 121, "num_statements": 205, "percent_covered": 59.02439024390244, "percent_covered_display": "59", "missing_lines": 84, "excluded_lines": 2}, "missing_lines": [58, 66, 67, 68, 70, 71, 72, 75, 76, 77, 78, 79, 80, 82, 83, 84, 86, 88, 89, 96, 97, 98, 100, 101, 103, 104, 127, 128, 129, 132, 133, 134, 135, 136, 138, 139, 142, 143, 144, 147, 148, 149, 151, 153, 154, 156, 177, 178, 179, 182, 183, 184, 185, 188, 189, 190, 191, 192, 193, 195, 196, 199, 200, 201, 203, 205, 206, 208, 244, 246, 248, 250, 287, 288, 290, 291, 293, 294, 315, 366, 368, 374, 380, 386], "excluded_lines": [401, 402], "functions": {"SimulationEffectivenessAnalyzer.__init__": {"executed_lines": [30, 31], "summary": {"covered_lines": 2, "num_statements": 2, "percent_covered": 100.0, "percent_covered_display": "100", "missing_lines": 0, "excluded_lines": 0}, "missing_lines": [], "excluded_lines": []}, "SimulationEffectivenessAnalyzer.analyze_simulation_data_quality": {"executed_lines": [40, 48, 55, 56, 57, 60, 61, 64, 65, 91, 94, 95, 106], "summary": {"covered_lines": 13, "num_statements": 39, "percent_covered": 33.333333333333336, "percent_covered_display": "33", "missing_lines": 26, "excluded_lines": 0}, "missing_lines": [58, 66, 67, 68, 70, 71, 72, 75, 76, 77, 78, 79, 80, 82, 83, 84, 86, 88, 89, 96, 97, 98, 100, 101, 103, 104], "excluded_lines": []}, "SimulationEffectivenessAnalyzer.analyze_behavioral_patterns": {"executed_lines": [115, 122, 123, 124, 125], "summary": {"covered_lines": 5, "num_statements": 25, "percent_covered": 20.0, "percent_covered_display": "20", "missing_lines": 20, "excluded_lines": 0}, "missing_lines": [127, 128, 129, 132, 133, 134, 135, 136, 138, 139, 142, 143, 144, 147, 148, 149, 151, 153, 154, 156], "excluded_lines": []}, "SimulationEffectivenessAnalyzer.analyze_case_effectiveness": {"executed_lines": [165, 172, 173, 174, 175], "summary": {"covered_lines": 5, "num_statements": 27, "percent_covered": 18.51851851851852, "percent_covered_display": "19", "missing_lines": 22, "excluded_lines": 0}, "missing_lines": [177, 178, 179, 182, 183, 184, 185, 188, 189, 190, 191, 192, 193, 195, 196, 199, 200, 201, 203, 205, 206, 208], "excluded_lines": []}, "SimulationEffectivenessAnalyzer.analyze_visualization_outputs": {"executed_lines": [217, 225, 226, 227, 228, 229, 231, 233, 235, 236, 237, 240, 241, 242, 243, 245, 247, 249, 252, 254, 256, 258], "summary": {"covered_lines": 22, "num_statements": 26, "percent_covered": 84.61538461538461, "percent_covered_display": "85", "missing_lines": 4, "excluded_lines": 0}, "missing_lines": [244, 246, 248, 250], "excluded_lines": []}, "SimulationEffectivenessAnalyzer.generate_comprehensive_report": {"executed_lines": [267, 279, 286, 289, 292, 296, 297, 299, 302, 303, 305, 306, 308, 309, 311, 312, 314, 317], "summary": {"covered_lines": 18, "num_statements": 25, "percent_covered": 72.0, "percent_covered_display": "72", "missing_lines": 7, "excluded_lines": 0}, "missing_lines": [287, 288, 290, 291, 293, 294, 315], "excluded_lines": []}, "SimulationEffectivenessAnalyzer.save_assessment_report": {"executed_lines": [327, 328, 329, 331, 332, 333, 335, 336], "summary": {"covered_lines": 8, "num_statements": 8, "percent_covered": 100.0, "percent_covered_display": "100", "missing_lines": 0, "excluded_lines": 0}, "missing_lines": [], "excluded_lines": []}, "run_comprehensive_assessment": {"executed_lines": [346, 347, 350, 351, 352, 353, 354, 355, 356, 357, 359, 360, 363, 364, 365, 367, 371, 372, 373, 377, 378, 379, 383, 384, 385, 388, 389, 390, 391, 393, 396, 398], "summary": {"covered_lines": 32, "num_statements": 37, "percent_covered": 86.48648648648648, "percent_covered_display": "86", "missing_lines": 5, "excluded_lines": 0}, "missing_lines": [366, 368, 374, 380, 386], "excluded_lines": []}, "": {"executed_lines": [1, 8, 9, 10, 11, 12, 13, 15, 18, 19, 23, 33, 108, 158, 210, 260, 319, 339, 401], "summary": {"covered_lines": 16, "num_statements": 16, "percent_covered": 100.0, "percent_covered_display": "100", "missing_lines": 0, "excluded_lines": 2}, "missing_lines": [], "excluded_lines": [401, 402]}}, "classes": {"SimulationEffectivenessAnalyzer": {"executed_lines": [30, 31, 40, 48, 55, 56, 57, 60, 61, 64, 65, 91, 94, 95, 106, 115, 122, 123, 124, 125, 165, 172, 173, 174, 175, 217, 225, 226, 227, 228, 229, 231, 233, 235, 236, 237, 240, 241, 242, 243, 245, 247, 249, 252, 254, 256, 258, 267, 279, 286, 289, 292, 296, 297, 299, 302, 303, 305, 306, 308, 309, 311, 312, 314, 317, 327, 328, 329, 331, 332, 333, 335, 336], "summary": {"covered_lines": 73, "num_statements": 152, "percent_covered": 48.026315789473685, "percent_covered_display": "48", "missing_lines": 79, "excluded_lines": 0}, "missing_lines": [58, 66, 67, 68, 70, 71, 72, 75, 76, 77, 78, 79, 80, 82, 83, 84, 86, 88, 89, 96, 97, 98, 100, 101, 103, 104, 127, 128, 129, 132, 133, 134, 135, 136, 138, 139, 142, 143, 144, 147, 148, 149, 151, 153, 154, 156, 177, 178, 179, 182, 183, 184, 185, 188, 189, 190, 191, 192, 193, 195, 196, 199, 200, 201, 203, 205, 206, 208, 244, 246, 248, 250, 287, 288, 290, 291, 293, 294, 315], "excluded_lines": []}, "": {"executed_lines": [1, 8, 9, 10, 11, 12, 13, 15, 18, 19, 23, 33, 108, 158, 210, 260, 319, 339, 346, 347, 350, 351, 352, 353, 354, 355, 356, 357, 359, 360, 363, 364, 365, 367, 371, 372, 373, 377, 378, 379, 383, 384, 385, 388, 389, 390, 391, 393, 396, 398, 401], "summary": {"covered_lines": 48, "num_statements": 53, "percent_covered": 90.56603773584905, "percent_covered_display": "91", "missing_lines": 5, "excluded_lines": 2}, "missing_lines": [366, 368, 374, 380, 386], "excluded_lines": [401, 402]}}}, "src/cases/__init__.py": {"executed_lines": [1, 17, 18, 19, 20, 21, 22, 23, 24, 25, 26, 29, 31], "summary": {"covered_lines": 12, "num_statements": 12, "percent_covered": 100.0, "percent_covered_display": "100", "missing_lines": 0, "excluded_lines": 0}, "missing_lines": [], "excluded_lines": [], "functions": {"": {"executed_lines": [1, 17, 18, 19, 20, 21, 22, 23, 24, 25, 26, 29, 31], "summary": {"covered_lines": 12, "num_statements": 12, "percent_covered": 100.0, "percent_covered_display": "100", "missing_lines": 0, "excluded_lines": 0}, "missing_lines": [], "excluded_lines": []}}, "classes": {"": {"executed_lines": [1, 17, 18, 19, 20, 21, 22, 23, 24, 25, 26, 29, 31], "summary": {"covered_lines": 12, "num_statements": 12, "percent_covered": 100.0, "percent_covered_display": "100", "missing_lines": 0, "excluded_lines": 0}, "missing_lines": [], "excluded_lines": []}}}, "src/cases/ablative.py": {"executed_lines": [1, 8, 9, 10, 12, 14, 17, 18, 26, 29, 31, 32, 42, 45, 46, 48, 49, 51, 52, 66, 67, 83, 84, 97, 100, 110, 112, 113, 123, 130, 132, 133, 167, 168], "summary": {"covered_lines": 32, "num_statements": 59, "percent_covered": 54.23728813559322, "percent_covered_display": "54", "missing_lines": 27, "excluded_lines": 0}, "missing_lines": [69, 75, 76, 77, 78, 79, 81, 101, 102, 103, 104, 105, 106, 107, 108, 146, 147, 148, 149, 150, 152, 154, 161, 162, 164, 165, 178], "excluded_lines": [], "functions": {"AblativeCase.apply": {"executed_lines": [42, 45, 46, 48, 49], "summary": {"covered_lines": 5, "num_statements": 5, "percent_covered": 100.0, "percent_covered_display": "100", "missing_lines": 0, "excluded_lines": 0}, "missing_lines": [], "excluded_lines": []}, "AblativeCase.process_update": {"executed_lines": [66, 67], "summary": {"covered_lines": 2, "num_statements": 9, "percent_covered": 22.22222222222222, "percent_covered_display": "22", "missing_lines": 7, "excluded_lines": 0}, "missing_lines": [69, 75, 76, 77, 78, 79, 81], "excluded_lines": []}, "AblativeCase.calculate_free_energy": {"executed_lines": [97, 100, 110], "summary": {"covered_lines": 3, "num_statements": 11, "percent_covered": 27.272727272727273, "percent_covered_display": "27", "missing_lines": 8, "excluded_lines": 0}, "missing_lines": [101, 102, 103, 104, 105, 106, 107, 108], "excluded_lines": []}, "AblativeCase.get_parameters": {"executed_lines": [123, 130], "summary": {"covered_lines": 2, "num_statements": 2, "percent_covered": 100.0, "percent_covered_display": "100", "missing_lines": 0, "excluded_lines": 0}, "missing_lines": [], "excluded_lines": []}, "AblativeCase.emit_to": {"executed_lines": [], "summary": {"covered_lines": 0, "num_statements": 11, "percent_covered": 0.0, "percent_covered_display": "0", "missing_lines": 11, "excluded_lines": 0}, "missing_lines": [146, 147, 148, 149, 150, 152, 154, 161, 162, 164, 165], "excluded_lines": []}, "AblativeCase.can_transition_to": {"executed_lines": [], "summary": {"covered_lines": 0, "num_statements": 1, "percent_covered": 0.0, "percent_covered_display": "0", "missing_lines": 1, "excluded_lines": 0}, "missing_lines": [178], "excluded_lines": []}, "": {"executed_lines": [1, 8, 9, 10, 12, 14, 17, 18, 26, 29, 31, 32, 51, 52, 83, 84, 112, 113, 132, 133, 167, 168], "summary": {"covered_lines": 20, "num_statements": 20, "percent_covered": 100.0, "percent_covered_display": "100", "missing_lines": 0, "excluded_lines": 0}, "missing_lines": [], "excluded_lines": []}}, "classes": {"AblativeCase": {"executed_lines": [42, 45, 46, 48, 49, 66, 67, 97, 100, 110, 123, 130], "summary": {"covered_lines": 12, "num_statements": 39, "percent_covered": 30.76923076923077, "percent_covered_display": "31", "missing_lines": 27, "excluded_lines": 0}, "missing_lines": [69, 75, 76, 77, 78, 79, 81, 101, 102, 103, 104, 105, 106, 107, 108, 146, 147, 148, 149, 150, 152, 154, 161, 162, 164, 165, 178], "excluded_lines": []}, "": {"executed_lines": [1, 8, 9, 10, 12, 14, 17, 18, 26, 29, 31, 32, 51, 52, 83, 84, 112, 113, 132, 133, 167, 168], "summary": {"covered_lines": 20, "num_statements": 20, "percent_covered": 100.0, "percent_covered_display": "100", "missing_lines": 0, "excluded_lines": 0}, "missing_lines": [], "excluded_lines": []}}}, "src/cases/accusative.py": {"executed_lines": [1, 8, 9, 10, 12, 14, 16, 17, 24, 25, 36, 41, 42, 44, 45, 59, 60, 82, 83, 98, 101, 116, 118, 119], "summary": {"covered_lines": 22, "num_statements": 60, "percent_covered": 36.666666666666664, "percent_covered_display": "37", "missing_lines": 38, "excluded_lines": 0}, "missing_lines": [63, 69, 70, 71, 72, 73, 74, 78, 80, 102, 103, 104, 107, 108, 111, 112, 113, 114, 132, 138, 140, 141, 145, 148, 149, 150, 151, 152, 157, 158, 159, 164, 167, 168, 169, 175, 176, 178], "excluded_lines": [], "functions": {"AccusativeCase.apply": {"executed_lines": [36, 41, 42], "summary": {"covered_lines": 3, "num_statements": 3, "percent_covered": 100.0, "percent_covered_display": "100", "missing_lines": 0, "excluded_lines": 0}, "missing_lines": [], "excluded_lines": []}, "AccusativeCase.process_update": {"executed_lines": [59, 60], "summary": {"covered_lines": 2, "num_statements": 11, "percent_covered": 18.181818181818183, "percent_covered_display": "18", "missing_lines": 9, "excluded_lines": 0}, "missing_lines": [63, 69, 70, 71, 72, 73, 74, 78, 80], "excluded_lines": []}, "AccusativeCase.calculate_free_energy": {"executed_lines": [98, 101, 116], "summary": {"covered_lines": 3, "num_statements": 12, "percent_covered": 25.0, "percent_covered_display": "25", "missing_lines": 9, "excluded_lines": 0}, "missing_lines": [102, 103, 104, 107, 108, 111, 112, 113, 114], "excluded_lines": []}, "AccusativeCase.accept_updates": {"executed_lines": [], "summary": {"covered_lines": 0, "num_statements": 20, "percent_covered": 0.0, "percent_covered_display": "0", "missing_lines": 20, "excluded_lines": 0}, "missing_lines": [132, 138, 140, 141, 145, 148, 149, 150, 151, 152, 157, 158, 159, 164, 167, 168, 169, 175, 176, 178], "excluded_lines": []}, "": {"executed_lines": [1, 8, 9, 10, 12, 14, 16, 17, 24, 25, 44, 45, 82, 83, 118, 119], "summary": {"covered_lines": 14, "num_statements": 14, "percent_covered": 100.0, "percent_covered_display": "100", "missing_lines": 0, "excluded_lines": 0}, "missing_lines": [], "excluded_lines": []}}, "classes": {"AccusativeCase": {"executed_lines": [36, 41, 42, 59, 60, 98, 101, 116], "summary": {"covered_lines": 8, "num_statements": 46, "percent_covered": 17.391304347826086, "percent_covered_display": "17", "missing_lines": 38, "excluded_lines": 0}, "missing_lines": [63, 69, 70, 71, 72, 73, 74, 78, 80, 102, 103, 104, 107, 108, 111, 112, 113, 114, 132, 138, 140, 141, 145, 148, 149, 150, 151, 152, 157, 158, 159, 164, 167, 168, 169, 175, 176, 178], "excluded_lines": []}, "": {"executed_lines": [1, 8, 9, 10, 12, 14, 16, 17, 24, 25, 44, 45, 82, 83, 118, 119], "summary": {"covered_lines": 14, "num_statements": 14, "percent_covered": 100.0, "percent_covered_display": "100", "missing_lines": 0, "excluded_lines": 0}, "missing_lines": [], "excluded_lines": []}}}, "src/cases/animal_cases.py": {"executed_lines": [1, 8, 9, 10, 12, 14, 15, 16, 18, 19, 26, 28, 30, 36, 47, 50, 51, 53, 54, 56, 67, 70, 71, 74, 75, 76, 77, 79, 80, 82, 94, 97, 99, 100, 102, 112, 116, 117, 120, 121, 124, 125, 129, 130, 131, 134, 135, 136, 138, 146, 156, 160, 161, 164, 165, 166, 167, 168, 170, 177, 187, 191, 193, 196, 197, 200, 203, 206, 207, 208, 210, 216, 228, 229, 232, 233, 236, 237, 238, 239, 242, 243, 246, 249, 251, 252, 257, 258, 259, 260, 263, 265, 266, 268, 277, 279, 280, 283, 285, 286, 289, 291, 302], "summary": {"covered_lines": 101, "num_statements": 113, "percent_covered": 89.38053097345133, "percent_covered_display": "89", "missing_lines": 12, "excluded_lines": 0}, "missing_lines": [113, 157, 188, 247, 254, 282, 288, 292, 294, 295, 297, 300], "excluded_lines": [], "functions": {"AnimalCaseManager.__init__": {"executed_lines": [28, 30], "summary": {"covered_lines": 2, "num_statements": 2, "percent_covered": 100.0, "percent_covered_display": "100", "missing_lines": 0, "excluded_lines": 0}, "missing_lines": [], "excluded_lines": []}, "AnimalCaseManager.transform_to_goal_seeker": {"executed_lines": [47, 50, 51, 53, 54], "summary": {"covered_lines": 5, "num_statements": 5, "percent_covered": 100.0, "percent_covered_display": "100", "missing_lines": 0, "excluded_lines": 0}, "missing_lines": [], "excluded_lines": []}, "AnimalCaseManager.transform_to_explorer": {"executed_lines": [67, 70, 71, 74, 75, 76, 77, 79, 80], "summary": {"covered_lines": 9, "num_statements": 9, "percent_covered": 100.0, "percent_covered_display": "100", "missing_lines": 0, "excluded_lines": 0}, "missing_lines": [], "excluded_lines": []}, "AnimalCaseManager.transform_to_follower": {"executed_lines": [94, 97, 99, 100], "summary": {"covered_lines": 4, "num_statements": 4, "percent_covered": 100.0, "percent_covered_display": "100", "missing_lines": 0, "excluded_lines": 0}, "missing_lines": [], "excluded_lines": []}, "AnimalCaseManager.create_v_formation": {"executed_lines": [112, 116, 117, 120, 121, 124, 125, 129, 130, 131, 134, 135, 136, 138], "summary": {"covered_lines": 14, "num_statements": 15, "percent_covered": 93.33333333333333, "percent_covered_display": "93", "missing_lines": 1, "excluded_lines": 0}, "missing_lines": [113], "excluded_lines": []}, "AnimalCaseManager.create_line_formation": {"executed_lines": [156, 160, 161, 164, 165, 166, 167, 168, 170], "summary": {"covered_lines": 9, "num_statements": 10, "percent_covered": 90.0, "percent_covered_display": "90", "missing_lines": 1, "excluded_lines": 0}, "missing_lines": [157], "excluded_lines": []}, "AnimalCaseManager.create_circle_formation": {"executed_lines": [187, 191, 193, 196, 197, 200, 203, 206, 207, 208, 210], "summary": {"covered_lines": 11, "num_statements": 12, "percent_covered": 91.66666666666667, "percent_covered_display": "92", "missing_lines": 1, "excluded_lines": 0}, "missing_lines": [188], "excluded_lines": []}, "AnimalCaseManager.swap_animal_roles": {"executed_lines": [228, 229, 232, 233, 236, 237, 238, 239, 242, 243, 246, 249, 251, 252, 257, 258, 259, 260, 263, 265, 266], "summary": {"covered_lines": 21, "num_statements": 23, "percent_covered": 91.30434782608695, "percent_covered_display": "91", "missing_lines": 2, "excluded_lines": 0}, "missing_lines": [247, 254], "excluded_lines": []}, "AnimalCaseManager._swap_relationships": {"executed_lines": [277, 279, 280, 283, 285, 286, 289, 291, 302], "summary": {"covered_lines": 9, "num_statements": 16, "percent_covered": 56.25, "percent_covered_display": "56", "missing_lines": 7, "excluded_lines": 0}, "missing_lines": [282, 288, 292, 294, 295, 297, 300], "excluded_lines": []}, "": {"executed_lines": [1, 8, 9, 10, 12, 14, 15, 16, 18, 19, 26, 36, 56, 82, 102, 146, 177, 216, 268], "summary": {"covered_lines": 17, "num_statements": 17, "percent_covered": 100.0, "percent_covered_display": "100", "missing_lines": 0, "excluded_lines": 0}, "missing_lines": [], "excluded_lines": []}}, "classes": {"AnimalCaseManager": {"executed_lines": [28, 30, 47, 50, 51, 53, 54, 67, 70, 71, 74, 75, 76, 77, 79, 80, 94, 97, 99, 100, 112, 116, 117, 120, 121, 124, 125, 129, 130, 131, 134, 135, 136, 138, 156, 160, 161, 164, 165, 166, 167, 168, 170, 187, 191, 193, 196, 197, 200, 203, 206, 207, 208, 210, 228, 229, 232, 233, 236, 237, 238, 239, 242, 243, 246, 249, 251, 252, 257, 258, 259, 260, 263, 265, 266, 277, 279, 280, 283, 285, 286, 289, 291, 302], "summary": {"covered_lines": 84, "num_statements": 96, "percent_covered": 87.5, "percent_covered_display": "88", "missing_lines": 12, "excluded_lines": 0}, "missing_lines": [113, 157, 188, 247, 254, 282, 288, 292, 294, 295, 297, 300], "excluded_lines": []}, "": {"executed_lines": [1, 8, 9, 10, 12, 14, 15, 16, 18, 19, 26, 36, 56, 82, 102, 146, 177, 216, 268], "summary": {"covered_lines": 17, "num_statements": 17, "percent_covered": 100.0, "percent_covered_display": "100", "missing_lines": 0, "excluded_lines": 0}, "missing_lines": [], "excluded_lines": []}}}, "src/cases/case_manager.py": {"executed_lines": [1, 8, 9, 11, 12, 13, 14, 15, 16, 17, 18, 19, 21, 23, 24, 32, 34, 35, 36, 46, 48, 55, 56, 58, 68, 69, 71, 75, 76, 77, 79, 90, 91, 93, 107, 117, 118, 119, 120, 123, 126, 127, 129, 135, 137, 152, 162, 164, 175, 178, 179, 180, 183, 184, 187, 189, 199, 200, 201, 202], "summary": {"covered_lines": 58, "num_statements": 67, "percent_covered": 86.56716417910448, "percent_covered_display": "87", "missing_lines": 9, "excluded_lines": 0}, "missing_lines": [131, 132, 148, 149, 150, 185, 205, 206, 208], "excluded_lines": [], "functions": {"CaseManager.__init__": {"executed_lines": [34, 35, 36, 46], "summary": {"covered_lines": 4, "num_statements": 4, "percent_covered": 100.0, "percent_covered_display": "100", "missing_lines": 0, "excluded_lines": 0}, "missing_lines": [], "excluded_lines": []}, "CaseManager.register_model": {"executed_lines": [55, 56], "summary": {"covered_lines": 2, "num_statements": 2, "percent_covered": 100.0, "percent_covered_display": "100", "missing_lines": 0, "excluded_lines": 0}, "missing_lines": [], "excluded_lines": []}, "CaseManager.unregister_model": {"executed_lines": [68, 69, 71, 75, 76, 77], "summary": {"covered_lines": 6, "num_statements": 6, "percent_covered": 100.0, "percent_covered_display": "100", "missing_lines": 0, "excluded_lines": 0}, "missing_lines": [], "excluded_lines": []}, "CaseManager.transform_case": {"executed_lines": [90, 91], "summary": {"covered_lines": 2, "num_statements": 2, "percent_covered": 100.0, "percent_covered_display": "100", "missing_lines": 0, "excluded_lines": 0}, "missing_lines": [], "excluded_lines": []}, "CaseManager.create_relationship": {"executed_lines": [107, 117, 118, 119, 120, 123, 126, 127, 129, 135], "summary": {"covered_lines": 10, "num_statements": 12, "percent_covered": 83.33333333333333, "percent_covered_display": "83", "missing_lines": 2, "excluded_lines": 0}, "missing_lines": [131, 132], "excluded_lines": []}, "CaseManager.process_update": {"executed_lines": [], "summary": {"covered_lines": 0, "num_statements": 3, "percent_covered": 0.0, "percent_covered_display": "0", "missing_lines": 3, "excluded_lines": 0}, "missing_lines": [148, 149, 150], "excluded_lines": []}, "CaseManager.get_models_by_case": {"executed_lines": [162], "summary": {"covered_lines": 1, "num_statements": 1, "percent_covered": 100.0, "percent_covered_display": "100", "missing_lines": 0, "excluded_lines": 0}, "missing_lines": [], "excluded_lines": []}, "CaseManager.get_related_models": {"executed_lines": [175, 178, 179, 180, 183, 184, 187], "summary": {"covered_lines": 7, "num_statements": 8, "percent_covered": 87.5, "percent_covered_display": "88", "missing_lines": 1, "excluded_lines": 0}, "missing_lines": [185], "excluded_lines": []}, "CaseManager.calculate_free_energy": {"executed_lines": [199, 200, 201, 202], "summary": {"covered_lines": 4, "num_statements": 7, "percent_covered": 57.142857142857146, "percent_covered_display": "57", "missing_lines": 3, "excluded_lines": 0}, "missing_lines": [205, 206, 208], "excluded_lines": []}, "": {"executed_lines": [1, 8, 9, 11, 12, 13, 14, 15, 16, 17, 18, 19, 21, 23, 24, 32, 48, 58, 79, 93, 137, 152, 164, 189], "summary": {"covered_lines": 22, "num_statements": 22, "percent_covered": 100.0, "percent_covered_display": "100", "missing_lines": 0, "excluded_lines": 0}, "missing_lines": [], "excluded_lines": []}}, "classes": {"CaseManager": {"executed_lines": [34, 35, 36, 46, 55, 56, 68, 69, 71, 75, 76, 77, 90, 91, 107, 117, 118, 119, 120, 123, 126, 127, 129, 135, 162, 175, 178, 179, 180, 183, 184, 187, 199, 200, 201, 202], "summary": {"covered_lines": 36, "num_statements": 45, "percent_covered": 80.0, "percent_covered_display": "80", "missing_lines": 9, "excluded_lines": 0}, "missing_lines": [131, 132, 148, 149, 150, 185, 205, 206, 208], "excluded_lines": []}, "": {"executed_lines": [1, 8, 9, 11, 12, 13, 14, 15, 16, 17, 18, 19, 21, 23, 24, 32, 48, 58, 79, 93, 137, 152, 164, 189], "summary": {"covered_lines": 22, "num_statements": 22, "percent_covered": 100.0, "percent_covered_display": "100", "missing_lines": 0, "excluded_lines": 0}, "missing_lines": [], "excluded_lines": []}}}, "src/cases/dative.py": {"executed_lines": [1, 8, 9, 10, 12, 14, 16, 17, 24, 25, 36, 41, 42, 44, 45, 59, 60, 100, 101, 115, 118, 133, 135, 136], "summary": {"covered_lines": 22, "num_statements": 74, "percent_covered": 29.72972972972973, "percent_covered_display": "30", "missing_lines": 52, "excluded_lines": 0}, "missing_lines": [63, 69, 71, 73, 74, 75, 76, 77, 78, 79, 81, 83, 84, 85, 86, 88, 90, 91, 92, 93, 95, 96, 98, 119, 120, 121, 124, 125, 128, 129, 130, 131, 148, 154, 155, 156, 157, 159, 160, 161, 162, 164, 166, 167, 168, 169, 173, 174, 175, 176, 178, 179], "excluded_lines": [], "functions": {"DativeCase.apply": {"executed_lines": [36, 41, 42], "summary": {"covered_lines": 3, "num_statements": 3, "percent_covered": 100.0, "percent_covered_display": "100", "missing_lines": 0, "excluded_lines": 0}, "missing_lines": [], "excluded_lines": []}, "DativeCase.process_update": {"executed_lines": [59, 60], "summary": {"covered_lines": 2, "num_statements": 25, "percent_covered": 8.0, "percent_covered_display": "8", "missing_lines": 23, "excluded_lines": 0}, "missing_lines": [63, 69, 71, 73, 74, 75, 76, 77, 78, 79, 81, 83, 84, 85, 86, 88, 90, 91, 92, 93, 95, 96, 98], "excluded_lines": []}, "DativeCase.calculate_free_energy": {"executed_lines": [115, 118, 133], "summary": {"covered_lines": 3, "num_statements": 12, "percent_covered": 25.0, "percent_covered_display": "25", "missing_lines": 9, "excluded_lines": 0}, "missing_lines": [119, 120, 121, 124, 125, 128, 129, 130, 131], "excluded_lines": []}, "DativeCase.receive_data": {"executed_lines": [], "summary": {"covered_lines": 0, "num_statements": 20, "percent_covered": 0.0, "percent_covered_display": "0", "missing_lines": 20, "excluded_lines": 0}, "missing_lines": [148, 154, 155, 156, 157, 159, 160, 161, 162, 164, 166, 167, 168, 169, 173, 174, 175, 176, 178, 179], "excluded_lines": []}, "": {"executed_lines": [1, 8, 9, 10, 12, 14, 16, 17, 24, 25, 44, 45, 100, 101, 135, 136], "summary": {"covered_lines": 14, "num_statements": 14, "percent_covered": 100.0, "percent_covered_display": "100", "missing_lines": 0, "excluded_lines": 0}, "missing_lines": [], "excluded_lines": []}}, "classes": {"DativeCase": {"executed_lines": [36, 41, 42, 59, 60, 115, 118, 133], "summary": {"covered_lines": 8, "num_statements": 60, "percent_covered": 13.333333333333334, "percent_covered_display": "13", "missing_lines": 52, "excluded_lines": 0}, "missing_lines": [63, 69, 71, 73, 74, 75, 76, 77, 78, 79, 81, 83, 84, 85, 86, 88, 90, 91, 92, 93, 95, 96, 98, 119, 120, 121, 124, 125, 128, 129, 130, 131, 148, 154, 155, 156, 157, 159, 160, 161, 162, 164, 166, 167, 168, 169, 173, 174, 175, 176, 178, 179], "excluded_lines": []}, "": {"executed_lines": [1, 8, 9, 10, 12, 14, 16, 17, 24, 25, 44, 45, 100, 101, 135, 136], "summary": {"covered_lines": 14, "num_statements": 14, "percent_covered": 100.0, "percent_covered_display": "100", "missing_lines": 0, "excluded_lines": 0}, "missing_lines": [], "excluded_lines": []}}}, "src/cases/examples.py": {"executed_lines": [1, 8, 9, 11, 12, 13, 14, 15, 16, 17, 19, 24, 27, 28, 31, 34, 35, 38, 39, 42, 43, 45, 47, 52, 53, 54, 55, 57, 60, 61, 62, 65, 66, 67, 68, 69, 72, 73, 74, 76, 78, 79, 80, 82, 84, 89, 90, 93, 94, 97, 98, 101, 102, 104, 105, 107, 108, 111, 113, 115, 120, 121, 124, 125, 126, 129, 130, 131, 132, 135, 136, 137, 138, 139, 141, 142, 143, 146, 147, 149, 151], "summary": {"covered_lines": 74, "num_statements": 74, "percent_covered": 100.0, "percent_covered_display": "100", "missing_lines": 0, "excluded_lines": 15}, "missing_lines": [], "excluded_lines": [93, 94, 104, 111, 113, 151, 153, 155, 156, 158, 159, 161, 162, 164, 165], "functions": {"basic_case_example": {"executed_lines": [24, 27, 28, 31, 34, 35, 38, 39, 42, 43, 45], "summary": {"covered_lines": 11, "num_statements": 11, "percent_covered": 100.0, "percent_covered_display": "100", "missing_lines": 0, "excluded_lines": 0}, "missing_lines": [], "excluded_lines": []}, "animal_formation_example": {"executed_lines": [52, 53, 54, 55, 57, 60, 61, 62, 65, 66, 67, 68, 69, 72, 73, 74, 76, 78, 79, 80, 82], "summary": {"covered_lines": 21, "num_statements": 21, "percent_covered": 100.0, "percent_covered_display": "100", "missing_lines": 0, "excluded_lines": 0}, "missing_lines": [], "excluded_lines": []}, "case_update_example": {"executed_lines": [89, 90, 93, 94, 97, 98, 101, 102, 104, 105, 107, 108, 111, 113], "summary": {"covered_lines": 9, "num_statements": 9, "percent_covered": 100.0, "percent_covered_display": "100", "missing_lines": 0, "excluded_lines": 5}, "missing_lines": [], "excluded_lines": [93, 94, 104, 111, 113]}, "relationship_example": {"executed_lines": [120, 121, 124, 125, 126, 129, 130, 131, 132, 135, 136, 137, 138, 139, 141, 142, 143, 146, 147, 149], "summary": {"covered_lines": 20, "num_statements": 20, "percent_covered": 100.0, "percent_covered_display": "100", "missing_lines": 0, "excluded_lines": 0}, "missing_lines": [], "excluded_lines": []}, "": {"executed_lines": [1, 8, 9, 11, 12, 13, 14, 15, 16, 17, 19, 47, 84, 115, 151], "summary": {"covered_lines": 13, "num_statements": 13, "percent_covered": 100.0, "percent_covered_display": "100", "missing_lines": 0, "excluded_lines": 10}, "missing_lines": [], "excluded_lines": [151, 153, 155, 156, 158, 159, 161, 162, 164, 165]}}, "classes": {"": {"executed_lines": [1, 8, 9, 11, 12, 13, 14, 15, 16, 17, 19, 24, 27, 28, 31, 34, 35, 38, 39, 42, 43, 45, 47, 52, 53, 54, 55, 57, 60, 61, 62, 65, 66, 67, 68, 69, 72, 73, 74, 76, 78, 79, 80, 82, 84, 89, 90, 93, 94, 97, 98, 101, 102, 104, 105, 107, 108, 111, 113, 115, 120, 121, 124, 125, 126, 129, 130, 131, 132, 135, 136, 137, 138, 139, 141, 142, 143, 146, 147, 149, 151], "summary": {"covered_lines": 74, "num_statements": 74, "percent_covered": 100.0, "percent_covered_display": "100", "missing_lines": 0, "excluded_lines": 15}, "missing_lines": [], "excluded_lines": [93, 94, 104, 111, 113, 151, 153, 155, 156, 158, 159, 161, 162, 164, 165]}}}, "src/cases/genitive.py": {"executed_lines": [1, 8, 9, 11, 13, 16, 17, 25, 27, 28, 38, 41, 42, 44, 45, 47, 48, 62, 63, 79, 80, 93, 96, 115, 117, 118, 128, 135, 137, 138], "summary": {"covered_lines": 28, "num_statements": 60, "percent_covered": 46.666666666666664, "percent_covered_display": "47", "missing_lines": 32, "excluded_lines": 0}, "missing_lines": [65, 71, 72, 74, 75, 77, 97, 98, 99, 102, 103, 104, 105, 106, 107, 108, 109, 110, 111, 112, 113, 153, 155, 157, 159, 160, 161, 162, 163, 165, 167, 168], "excluded_lines": [], "functions": {"GenitiveCase.apply": {"executed_lines": [38, 41, 42, 44, 45], "summary": {"covered_lines": 5, "num_statements": 5, "percent_covered": 100.0, "percent_covered_display": "100", "missing_lines": 0, "excluded_lines": 0}, "missing_lines": [], "excluded_lines": []}, "GenitiveCase.process_update": {"executed_lines": [62, 63], "summary": {"covered_lines": 2, "num_statements": 8, "percent_covered": 25.0, "percent_covered_display": "25", "missing_lines": 6, "excluded_lines": 0}, "missing_lines": [65, 71, 72, 74, 75, 77], "excluded_lines": []}, "GenitiveCase.calculate_free_energy": {"executed_lines": [93, 96, 115], "summary": {"covered_lines": 3, "num_statements": 18, "percent_covered": 16.666666666666668, "percent_covered_display": "17", "missing_lines": 15, "excluded_lines": 0}, "missing_lines": [97, 98, 99, 102, 103, 104, 105, 106, 107, 108, 109, 110, 111, 112, 113], "excluded_lines": []}, "GenitiveCase.get_parameters": {"executed_lines": [128, 135], "summary": {"covered_lines": 2, "num_statements": 2, "percent_covered": 100.0, "percent_covered_display": "100", "missing_lines": 0, "excluded_lines": 0}, "missing_lines": [], "excluded_lines": []}, "GenitiveCase.derive_from": {"executed_lines": [], "summary": {"covered_lines": 0, "num_statements": 11, "percent_covered": 0.0, "percent_covered_display": "0", "missing_lines": 11, "excluded_lines": 0}, "missing_lines": [153, 155, 157, 159, 160, 161, 162, 163, 165, 167, 168], "excluded_lines": []}, "": {"executed_lines": [1, 8, 9, 11, 13, 16, 17, 25, 27, 28, 47, 48, 79, 80, 117, 118, 137, 138], "summary": {"covered_lines": 16, "num_statements": 16, "percent_covered": 100.0, "percent_covered_display": "100", "missing_lines": 0, "excluded_lines": 0}, "missing_lines": [], "excluded_lines": []}}, "classes": {"GenitiveCase": {"executed_lines": [38, 41, 42, 44, 45, 62, 63, 93, 96, 115, 128, 135], "summary": {"covered_lines": 12, "num_statements": 44, "percent_covered": 27.272727272727273, "percent_covered_display": "27", "missing_lines": 32, "excluded_lines": 0}, "missing_lines": [65, 71, 72, 74, 75, 77, 97, 98, 99, 102, 103, 104, 105, 106, 107, 108, 109, 110, 111, 112, 113, 153, 155, 157, 159, 160, 161, 162, 163, 165, 167, 168], "excluded_lines": []}, "": {"executed_lines": [1, 8, 9, 11, 13, 16, 17, 25, 27, 28, 47, 48, 79, 80, 117, 118, 137, 138], "summary": {"covered_lines": 16, "num_statements": 16, "percent_covered": 100.0, "percent_covered_display": "100", "missing_lines": 0, "excluded_lines": 0}, "missing_lines": [], "excluded_lines": []}}}, "src/cases/instrumental.py": {"executed_lines": [1, 8, 9, 11, 13, 16, 17, 25, 27, 28, 38, 41, 42, 44, 45, 47, 48, 62, 63, 79, 80, 93, 96, 108, 110, 111, 121, 128, 130, 131, 154, 155], "summary": {"covered_lines": 30, "num_statements": 56, "percent_covered": 53.57142857142857, "percent_covered_display": "54", "missing_lines": 26, "excluded_lines": 0}, "missing_lines": [65, 71, 72, 74, 75, 77, 97, 98, 99, 102, 103, 104, 105, 106, 145, 146, 147, 148, 149, 151, 152, 165, 166, 168, 169, 170], "excluded_lines": [], "functions": {"InstrumentalCase.apply": {"executed_lines": [38, 41, 42, 44, 45], "summary": {"covered_lines": 5, "num_statements": 5, "percent_covered": 100.0, "percent_covered_display": "100", "missing_lines": 0, "excluded_lines": 0}, "missing_lines": [], "excluded_lines": []}, "InstrumentalCase.process_update": {"executed_lines": [62, 63], "summary": {"covered_lines": 2, "num_statements": 8, "percent_covered": 25.0, "percent_covered_display": "25", "missing_lines": 6, "excluded_lines": 0}, "missing_lines": [65, 71, 72, 74, 75, 77], "excluded_lines": []}, "InstrumentalCase.calculate_free_energy": {"executed_lines": [93, 96, 108], "summary": {"covered_lines": 3, "num_statements": 11, "percent_covered": 27.272727272727273, "percent_covered_display": "27", "missing_lines": 8, "excluded_lines": 0}, "missing_lines": [97, 98, 99, 102, 103, 104, 105, 106], "excluded_lines": []}, "InstrumentalCase.get_parameters": {"executed_lines": [121, 128], "summary": {"covered_lines": 2, "num_statements": 2, "percent_covered": 100.0, "percent_covered_display": "100", "missing_lines": 0, "excluded_lines": 0}, "missing_lines": [], "excluded_lines": []}, "InstrumentalCase.execute_operation": {"executed_lines": [], "summary": {"covered_lines": 0, "num_statements": 7, "percent_covered": 0.0, "percent_covered_display": "0", "missing_lines": 7, "excluded_lines": 0}, "missing_lines": [145, 146, 147, 148, 149, 151, 152], "excluded_lines": []}, "InstrumentalCase.register_operation": {"executed_lines": [], "summary": {"covered_lines": 0, "num_statements": 5, "percent_covered": 0.0, "percent_covered_display": "0", "missing_lines": 5, "excluded_lines": 0}, "missing_lines": [165, 166, 168, 169, 170], "excluded_lines": []}, "": {"executed_lines": [1, 8, 9, 11, 13, 16, 17, 25, 27, 28, 47, 48, 79, 80, 110, 111, 130, 131, 154, 155], "summary": {"covered_lines": 18, "num_statements": 18, "percent_covered": 100.0, "percent_covered_display": "100", "missing_lines": 0, "excluded_lines": 0}, "missing_lines": [], "excluded_lines": []}}, "classes": {"InstrumentalCase": {"executed_lines": [38, 41, 42, 44, 45, 62, 63, 93, 96, 108, 121, 128], "summary": {"covered_lines": 12, "num_statements": 38, "percent_covered": 31.57894736842105, "percent_covered_display": "32", "missing_lines": 26, "excluded_lines": 0}, "missing_lines": [65, 71, 72, 74, 75, 77, 97, 98, 99, 102, 103, 104, 105, 106, 145, 146, 147, 148, 149, 151, 152, 165, 166, 168, 169, 170], "excluded_lines": []}, "": {"executed_lines": [1, 8, 9, 11, 13, 16, 17, 25, 27, 28, 47, 48, 79, 80, 110, 111, 130, 131, 154, 155], "summary": {"covered_lines": 18, "num_statements": 18, "percent_covered": 100.0, "percent_covered_display": "100", "missing_lines": 0, "excluded_lines": 0}, "missing_lines": [], "excluded_lines": []}}}, "src/cases/locative.py": {"executed_lines": [1, 8, 9, 11, 13, 16, 17, 25, 28, 30, 31, 41, 44, 45, 47, 48, 50, 51, 65, 66, 82, 83, 96, 99, 108, 110, 111, 121, 128, 130, 131, 161, 162, 188, 189, 204, 205], "summary": {"covered_lines": 35, "num_statements": 69, "percent_covered": 50.72463768115942, "percent_covered_display": "51", "missing_lines": 34, "excluded_lines": 0}, "missing_lines": [68, 74, 75, 77, 78, 80, 100, 101, 103, 104, 105, 106, 144, 145, 147, 148, 149, 150, 152, 156, 158, 159, 173, 174, 176, 177, 182, 183, 184, 186, 199, 200, 202, 215], "excluded_lines": [], "functions": {"LocativeCase.apply": {"executed_lines": [41, 44, 45, 47, 48], "summary": {"covered_lines": 5, "num_statements": 5, "percent_covered": 100.0, "percent_covered_display": "100", "missing_lines": 0, "excluded_lines": 0}, "missing_lines": [], "excluded_lines": []}, "LocativeCase.process_update": {"executed_lines": [65, 66], "summary": {"covered_lines": 2, "num_statements": 8, "percent_covered": 25.0, "percent_covered_display": "25", "missing_lines": 6, "excluded_lines": 0}, "missing_lines": [68, 74, 75, 77, 78, 80], "excluded_lines": []}, "LocativeCase.calculate_free_energy": {"executed_lines": [96, 99, 108], "summary": {"covered_lines": 3, "num_statements": 9, "percent_covered": 33.333333333333336, "percent_covered_display": "33", "missing_lines": 6, "excluded_lines": 0}, "missing_lines": [100, 101, 103, 104, 105, 106], "excluded_lines": []}, "LocativeCase.get_parameters": {"executed_lines": [121, 128], "summary": {"covered_lines": 2, "num_statements": 2, "percent_covered": 100.0, "percent_covered_display": "100", "missing_lines": 0, "excluded_lines": 0}, "missing_lines": [], "excluded_lines": []}, "LocativeCase.add_to_context": {"executed_lines": [], "summary": {"covered_lines": 0, "num_statements": 10, "percent_covered": 0.0, "percent_covered_display": "0", "missing_lines": 10, "excluded_lines": 0}, "missing_lines": [144, 145, 147, 148, 149, 150, 152, 156, 158, 159], "excluded_lines": []}, "LocativeCase.remove_from_context": {"executed_lines": [], "summary": {"covered_lines": 0, "num_statements": 8, "percent_covered": 0.0, "percent_covered_display": "0", "missing_lines": 8, "excluded_lines": 0}, "missing_lines": [173, 174, 176, 177, 182, 183, 184, 186], "excluded_lines": []}, "LocativeCase.get_context_contents": {"executed_lines": [], "summary": {"covered_lines": 0, "num_statements": 3, "percent_covered": 0.0, "percent_covered_display": "0", "missing_lines": 3, "excluded_lines": 0}, "missing_lines": [199, 200, 202], "excluded_lines": []}, "LocativeCase.can_transition_to": {"executed_lines": [], "summary": {"covered_lines": 0, "num_statements": 1, "percent_covered": 0.0, "percent_covered_display": "0", "missing_lines": 1, "excluded_lines": 0}, "missing_lines": [215], "excluded_lines": []}, "": {"executed_lines": [1, 8, 9, 11, 13, 16, 17, 25, 28, 30, 31, 50, 51, 82, 83, 110, 111, 130, 131, 161, 162, 188, 189, 204, 205], "summary": {"covered_lines": 23, "num_statements": 23, "percent_covered": 100.0, "percent_covered_display": "100", "missing_lines": 0, "excluded_lines": 0}, "missing_lines": [], "excluded_lines": []}}, "classes": {"LocativeCase": {"executed_lines": [41, 44, 45, 47, 48, 65, 66, 96, 99, 108, 121, 128], "summary": {"covered_lines": 12, "num_statements": 46, "percent_covered": 26.08695652173913, "percent_covered_display": "26", "missing_lines": 34, "excluded_lines": 0}, "missing_lines": [68, 74, 75, 77, 78, 80, 100, 101, 103, 104, 105, 106, 144, 145, 147, 148, 149, 150, 152, 156, 158, 159, 173, 174, 176, 177, 182, 183, 184, 186, 199, 200, 202, 215], "excluded_lines": []}, "": {"executed_lines": [1, 8, 9, 11, 13, 16, 17, 25, 28, 30, 31, 50, 51, 82, 83, 110, 111, 130, 131, 161, 162, 188, 189, 204, 205], "summary": {"covered_lines": 23, "num_statements": 23, "percent_covered": 100.0, "percent_covered_display": "100", "missing_lines": 0, "excluded_lines": 0}, "missing_lines": [], "excluded_lines": []}}}, "src/cases/nominative.py": {"executed_lines": [1, 8, 9, 10, 12, 14, 16, 17, 24, 25, 37, 42, 43, 45, 46, 62, 63, 78, 79, 94, 97, 98, 99, 100, 103, 104, 112, 114, 115, 126, 133], "summary": {"covered_lines": 29, "num_statements": 38, "percent_covered": 76.3157894736842, "percent_covered_display": "76", "missing_lines": 9, "excluded_lines": 0}, "missing_lines": [66, 72, 73, 74, 76, 107, 108, 109, 110], "excluded_lines": [], "functions": {"NominativeCase.apply": {"executed_lines": [37, 42, 43], "summary": {"covered_lines": 3, "num_statements": 3, "percent_covered": 100.0, "percent_covered_display": "100", "missing_lines": 0, "excluded_lines": 0}, "missing_lines": [], "excluded_lines": []}, "NominativeCase.process_update": {"executed_lines": [62, 63], "summary": {"covered_lines": 2, "num_statements": 7, "percent_covered": 28.571428571428573, "percent_covered_display": "29", "missing_lines": 5, "excluded_lines": 0}, "missing_lines": [66, 72, 73, 74, 76], "excluded_lines": []}, "NominativeCase.calculate_free_energy": {"executed_lines": [94, 97, 98, 99, 100, 103, 104, 112], "summary": {"covered_lines": 8, "num_statements": 12, "percent_covered": 66.66666666666667, "percent_covered_display": "67", "missing_lines": 4, "excluded_lines": 0}, "missing_lines": [107, 108, 109, 110], "excluded_lines": []}, "NominativeCase.get_parameters": {"executed_lines": [126, 133], "summary": {"covered_lines": 2, "num_statements": 2, "percent_covered": 100.0, "percent_covered_display": "100", "missing_lines": 0, "excluded_lines": 0}, "missing_lines": [], "excluded_lines": []}, "": {"executed_lines": [1, 8, 9, 10, 12, 14, 16, 17, 24, 25, 45, 46, 78, 79, 114, 115], "summary": {"covered_lines": 14, "num_statements": 14, "percent_covered": 100.0, "percent_covered_display": "100", "missing_lines": 0, "excluded_lines": 0}, "missing_lines": [], "excluded_lines": []}}, "classes": {"NominativeCase": {"executed_lines": [37, 42, 43, 62, 63, 94, 97, 98, 99, 100, 103, 104, 112, 126, 133], "summary": {"covered_lines": 15, "num_statements": 24, "percent_covered": 62.5, "percent_covered_display": "62", "missing_lines": 9, "excluded_lines": 0}, "missing_lines": [66, 72, 73, 74, 76, 107, 108, 109, 110], "excluded_lines": []}, "": {"executed_lines": [1, 8, 9, 10, 12, 14, 16, 17, 24, 25, 45, 46, 78, 79, 114, 115], "summary": {"covered_lines": 14, "num_statements": 14, "percent_covered": 100.0, "percent_covered_display": "100", "missing_lines": 0, "excluded_lines": 0}, "missing_lines": [], "excluded_lines": []}}}, "src/cases/vocative.py": {"executed_lines": [1, 8, 9, 11, 13, 16, 17, 25, 27, 28, 38, 41, 42, 44, 45, 47, 48, 61, 62, 83, 84, 97, 100, 109, 111, 112, 122, 129, 131, 132, 164, 165, 189, 190], "summary": {"covered_lines": 32, "num_statements": 64, "percent_covered": 50.0, "percent_covered_display": "50", "missing_lines": 32, "excluded_lines": 0}, "missing_lines": [64, 71, 72, 78, 79, 81, 101, 102, 104, 105, 106, 107, 144, 145, 147, 154, 155, 156, 157, 159, 161, 162, 176, 178, 179, 183, 184, 186, 187, 201, 202, 204], "excluded_lines": [], "functions": {"VocativeCase.apply": {"executed_lines": [38, 41, 42, 44, 45], "summary": {"covered_lines": 5, "num_statements": 5, "percent_covered": 100.0, "percent_covered_display": "100", "missing_lines": 0, "excluded_lines": 0}, "missing_lines": [], "excluded_lines": []}, "VocativeCase.process_update": {"executed_lines": [61, 62], "summary": {"covered_lines": 2, "num_statements": 8, "percent_covered": 25.0, "percent_covered_display": "25", "missing_lines": 6, "excluded_lines": 0}, "missing_lines": [64, 71, 72, 78, 79, 81], "excluded_lines": []}, "VocativeCase.calculate_free_energy": {"executed_lines": [97, 100, 109], "summary": {"covered_lines": 3, "num_statements": 9, "percent_covered": 33.333333333333336, "percent_covered_display": "33", "missing_lines": 6, "excluded_lines": 0}, "missing_lines": [101, 102, 104, 105, 106, 107], "excluded_lines": []}, "VocativeCase.get_parameters": {"executed_lines": [122, 129], "summary": {"covered_lines": 2, "num_statements": 2, "percent_covered": 100.0, "percent_covered_display": "100", "missing_lines": 0, "excluded_lines": 0}, "missing_lines": [], "excluded_lines": []}, "VocativeCase.invoke": {"executed_lines": [], "summary": {"covered_lines": 0, "num_statements": 10, "percent_covered": 0.0, "percent_covered_display": "0", "missing_lines": 10, "excluded_lines": 0}, "missing_lines": [144, 145, 147, 154, 155, 156, 157, 159, 161, 162], "excluded_lines": []}, "VocativeCase.broadcast": {"executed_lines": [], "summary": {"covered_lines": 0, "num_statements": 7, "percent_covered": 0.0, "percent_covered_display": "0", "missing_lines": 7, "excluded_lines": 0}, "missing_lines": [176, 178, 179, 183, 184, 186, 187], "excluded_lines": []}, "VocativeCase.get_invocation_history": {"executed_lines": [], "summary": {"covered_lines": 0, "num_statements": 3, "percent_covered": 0.0, "percent_covered_display": "0", "missing_lines": 3, "excluded_lines": 0}, "missing_lines": [201, 202, 204], "excluded_lines": []}, "": {"executed_lines": [1, 8, 9, 11, 13, 16, 17, 25, 27, 28, 47, 48, 83, 84, 111, 112, 131, 132, 164, 165, 189, 190], "summary": {"covered_lines": 20, "num_statements": 20, "percent_covered": 100.0, "percent_covered_display": "100", "missing_lines": 0, "excluded_lines": 0}, "missing_lines": [], "excluded_lines": []}}, "classes": {"VocativeCase": {"executed_lines": [38, 41, 42, 44, 45, 61, 62, 97, 100, 109, 122, 129], "summary": {"covered_lines": 12, "num_statements": 44, "percent_covered": 27.272727272727273, "percent_covered_display": "27", "missing_lines": 32, "excluded_lines": 0}, "missing_lines": [64, 71, 72, 78, 79, 81, 101, 102, 104, 105, 106, 107, 144, 145, 147, 154, 155, 156, 157, 159, 161, 162, 176, 178, 179, 183, 184, 186, 187, 201, 202, 204], "excluded_lines": []}, "": {"executed_lines": [1, 8, 9, 11, 13, 16, 17, 25, 27, 28, 47, 48, 83, 84, 111, 112, 131, 132, 164, 165, 189, 190], "summary": {"covered_lines": 20, "num_statements": 20, "percent_covered": 100.0, "percent_covered_display": "100", "missing_lines": 0, "excluded_lines": 0}, "missing_lines": [], "excluded_lines": []}}}, "src/core/__init__.py": {"executed_lines": [1, 12, 13, 14, 15, 23], "summary": {"covered_lines": 5, "num_statements": 5, "percent_covered": 100.0, "percent_covered_display": "100", "missing_lines": 0, "excluded_lines": 0}, "missing_lines": [], "excluded_lines": [], "functions": {"": {"executed_lines": [1, 12, 13, 14, 15, 23], "summary": {"covered_lines": 5, "num_statements": 5, "percent_covered": 100.0, "percent_covered_display": "100", "missing_lines": 0, "excluded_lines": 0}, "missing_lines": [], "excluded_lines": []}}, "classes": {"": {"executed_lines": [1, 12, 13, 14, 15, 23], "summary": {"covered_lines": 5, "num_statements": 5, "percent_covered": 100.0, "percent_covered_display": "100", "missing_lines": 0, "excluded_lines": 0}, "missing_lines": [], "excluded_lines": []}}}, "src/core/active_inference.py": {"executed_lines": [1, 2, 3, 5, 7, 9, 10, 18, 36, 39, 40, 42, 43, 46, 48, 49, 52, 54, 57, 58, 61, 63, 66, 67, 70, 73, 76, 77, 81, 82, 83, 84, 88, 91, 93, 95, 98, 105, 112, 119, 126, 133, 140, 147, 153, 159, 165, 167, 169, 172, 182, 196, 198, 208, 209, 211, 222, 224, 230, 233, 236, 237, 240, 248, 251, 253, 255, 266, 268, 271, 272, 273, 281, 282, 285, 286, 289, 292, 293, 296, 299, 302, 303, 310, 312, 313, 315, 326, 333, 334, 336, 338, 340, 351, 354, 356, 358, 360, 362, 372, 373, 376, 379, 381, 383, 385, 388, 390, 392, 393, 400, 401, 402, 404, 411, 413, 417, 418, 419, 421, 423, 429, 432, 435, 442, 444, 451, 453, 459, 460, 461, 463, 470, 474, 477, 478, 480, 490, 524, 526, 531, 542, 543, 547, 548, 549, 556, 562, 566, 579, 600, 601, 607, 611, 619, 658], "summary": {"covered_lines": 155, "num_statements": 206, "percent_covered": 75.24271844660194, "percent_covered_display": "75", "missing_lines": 51, "excluded_lines": 1}, "missing_lines": [50, 59, 85, 275, 306, 307, 414, 454, 475, 482, 483, 484, 492, 493, 495, 496, 497, 500, 503, 506, 507, 508, 509, 512, 513, 515, 533, 544, 545, 546, 550, 551, 552, 554, 568, 573, 581, 582, 587, 588, 593, 594, 613, 621, 622, 631, 632, 641, 642, 647, 648], "excluded_lines": [10], "functions": {"ActiveInferenceModel.__init__": {"executed_lines": [36, 39, 40, 42, 43, 46, 48, 49, 52, 54, 57, 58, 61, 63, 66, 67, 70, 73, 76, 77, 81, 82, 83, 84, 88, 91, 93], "summary": {"covered_lines": 27, "num_statements": 30, "percent_covered": 90.0, "percent_covered_display": "90", "missing_lines": 3, "excluded_lines": 0}, "missing_lines": [50, 59, 85], "excluded_lines": []}, "ActiveInferenceModel._setup_case_configurations": {"executed_lines": [98, 105, 112, 119, 126, 133, 140, 147], "summary": {"covered_lines": 8, "num_statements": 8, "percent_covered": 100.0, "percent_covered_display": "100", "missing_lines": 0, "excluded_lines": 0}, "missing_lines": [], "excluded_lines": []}, "ActiveInferenceModel._apply_case_transformation": {"executed_lines": [159, 165, 167, 169, 172], "summary": {"covered_lines": 5, "num_statements": 5, "percent_covered": 100.0, "percent_covered_display": "100", "missing_lines": 0, "excluded_lines": 0}, "missing_lines": [], "excluded_lines": []}, "ActiveInferenceModel.likelihood": {"executed_lines": [196], "summary": {"covered_lines": 1, "num_statements": 1, "percent_covered": 100.0, "percent_covered_display": "100", "missing_lines": 0, "excluded_lines": 0}, "missing_lines": [], "excluded_lines": []}, "ActiveInferenceModel.prediction_error": {"executed_lines": [208, 209], "summary": {"covered_lines": 2, "num_statements": 2, "percent_covered": 100.0, "percent_covered_display": "100", "missing_lines": 0, "excluded_lines": 0}, "missing_lines": [], "excluded_lines": []}, "ActiveInferenceModel.free_energy": {"executed_lines": [222, 224, 230, 233, 236, 237, 240, 248, 251, 253], "summary": {"covered_lines": 10, "num_statements": 10, "percent_covered": 100.0, "percent_covered_display": "100", "missing_lines": 0, "excluded_lines": 0}, "missing_lines": [], "excluded_lines": []}, "ActiveInferenceModel.update_posterior": {"executed_lines": [266, 268, 271, 272, 273, 281, 282, 285, 286, 289, 292, 293, 296, 299, 302, 303, 310, 312, 313], "summary": {"covered_lines": 19, "num_statements": 22, "percent_covered": 86.36363636363636, "percent_covered_display": "86", "missing_lines": 3, "excluded_lines": 0}, "missing_lines": [275, 306, 307], "excluded_lines": []}, "ActiveInferenceModel.get_optimal_action": {"executed_lines": [326, 333, 334, 336, 338], "summary": {"covered_lines": 5, "num_statements": 5, "percent_covered": 100.0, "percent_covered_display": "100", "missing_lines": 0, "excluded_lines": 0}, "missing_lines": [], "excluded_lines": []}, "ActiveInferenceModel.predict_next_state": {"executed_lines": [351, 354, 356, 358, 360], "summary": {"covered_lines": 5, "num_statements": 5, "percent_covered": 100.0, "percent_covered_display": "100", "missing_lines": 0, "excluded_lines": 0}, "missing_lines": [], "excluded_lines": []}, "ActiveInferenceModel.predict_observation": {"executed_lines": [372, 373, 376, 379, 381, 383, 385], "summary": {"covered_lines": 7, "num_statements": 7, "percent_covered": 100.0, "percent_covered_display": "100", "missing_lines": 0, "excluded_lines": 0}, "missing_lines": [], "excluded_lines": []}, "ActiveInferenceModel._update_nominative": {"executed_lines": [390, 392, 393, 400, 401, 402, 404], "summary": {"covered_lines": 7, "num_statements": 7, "percent_covered": 100.0, "percent_covered_display": "100", "missing_lines": 0, "excluded_lines": 0}, "missing_lines": [], "excluded_lines": []}, "ActiveInferenceModel._update_accusative": {"executed_lines": [413, 417, 418, 419, 421], "summary": {"covered_lines": 5, "num_statements": 6, "percent_covered": 83.33333333333333, "percent_covered_display": "83", "missing_lines": 1, "excluded_lines": 0}, "missing_lines": [414], "excluded_lines": []}, "ActiveInferenceModel._update_genitive": {"executed_lines": [429, 432, 435, 442, 444], "summary": {"covered_lines": 5, "num_statements": 5, "percent_covered": 100.0, "percent_covered_display": "100", "missing_lines": 0, "excluded_lines": 0}, "missing_lines": [], "excluded_lines": []}, "ActiveInferenceModel._update_dative": {"executed_lines": [453, 459, 460, 461, 463], "summary": {"covered_lines": 5, "num_statements": 6, "percent_covered": 83.33333333333333, "percent_covered_display": "83", "missing_lines": 1, "excluded_lines": 0}, "missing_lines": [454], "excluded_lines": []}, "ActiveInferenceModel._update_instrumental": {"executed_lines": [474, 477, 478, 480, 490, 524], "summary": {"covered_lines": 6, "num_statements": 24, "percent_covered": 25.0, "percent_covered_display": "25", "missing_lines": 18, "excluded_lines": 0}, "missing_lines": [475, 482, 483, 484, 492, 493, 495, 496, 497, 500, 503, 506, 507, 508, 509, 512, 513, 515], "excluded_lines": []}, "ActiveInferenceModel._update_locative": {"executed_lines": [531, 542, 543, 547, 548, 549, 556], "summary": {"covered_lines": 7, "num_statements": 15, "percent_covered": 46.666666666666664, "percent_covered_display": "47", "missing_lines": 8, "excluded_lines": 0}, "missing_lines": [533, 544, 545, 546, 550, 551, 552, 554], "excluded_lines": []}, "ActiveInferenceModel._update_ablative": {"executed_lines": [566, 579, 600, 601], "summary": {"covered_lines": 4, "num_statements": 12, "percent_covered": 33.333333333333336, "percent_covered_display": "33", "missing_lines": 8, "excluded_lines": 0}, "missing_lines": [568, 573, 581, 582, 587, 588, 593, 594], "excluded_lines": []}, "ActiveInferenceModel._update_vocative": {"executed_lines": [611, 619, 658], "summary": {"covered_lines": 3, "num_statements": 12, "percent_covered": 25.0, "percent_covered_display": "25", "missing_lines": 9, "excluded_lines": 0}, "missing_lines": [613, 621, 622, 631, 632, 641, 642, 647, 648], "excluded_lines": []}, "": {"executed_lines": [1, 2, 3, 5, 7, 9, 10, 18, 95, 153, 182, 198, 211, 255, 315, 340, 362, 388, 411, 423, 451, 470, 526, 562, 607], "summary": {"covered_lines": 24, "num_statements": 24, "percent_covered": 100.0, "percent_covered_display": "100", "missing_lines": 0, "excluded_lines": 1}, "missing_lines": [], "excluded_lines": [10]}}, "classes": {"ActiveInferenceModel": {"executed_lines": [36, 39, 40, 42, 43, 46, 48, 49, 52, 54, 57, 58, 61, 63, 66, 67, 70, 73, 76, 77, 81, 82, 83, 84, 88, 91, 93, 98, 105, 112, 119, 126, 133, 140, 147, 159, 165, 167, 169, 172, 196, 208, 209, 222, 224, 230, 233, 236, 237, 240, 248, 251, 253, 266, 268, 271, 272, 273, 281, 282, 285, 286, 289, 292, 293, 296, 299, 302, 303, 310, 312, 313, 326, 333, 334, 336, 338, 351, 354, 356, 358, 360, 372, 373, 376, 379, 381, 383, 385, 390, 392, 393, 400, 401, 402, 404, 413, 417, 418, 419, 421, 429, 432, 435, 442, 444, 453, 459, 460, 461, 463, 474, 477, 478, 480, 490, 524, 531, 542, 543, 547, 548, 549, 556, 566, 579, 600, 601, 611, 619, 658], "summary": {"covered_lines": 131, "num_statements": 182, "percent_covered": 71.97802197802197, "percent_covered_display": "72", "missing_lines": 51, "excluded_lines": 0}, "missing_lines": [50, 59, 85, 275, 306, 307, 414, 454, 475, 482, 483, 484, 492, 493, 495, 496, 497, 500, 503, 506, 507, 508, 509, 512, 513, 515, 533, 544, 545, 546, 550, 551, 552, 554, 568, 573, 581, 582, 587, 588, 593, 594, 613, 621, 622, 631, 632, 641, 642, 647, 648], "excluded_lines": []}, "": {"executed_lines": [1, 2, 3, 5, 7, 9, 10, 18, 95, 153, 182, 198, 211, 255, 315, 340, 362, 388, 411, 423, 451, 470, 526, 562, 607], "summary": {"covered_lines": 24, "num_statements": 24, "percent_covered": 100.0, "percent_covered_display": "100", "missing_lines": 0, "excluded_lines": 1}, "missing_lines": [], "excluded_lines": [10]}}}, "src/core/model.py": {"executed_lines": [1, 2, 3, 4, 6, 8, 9, 10, 11, 12, 13, 14, 15, 16, 17, 20, 21, 28, 36, 37, 38, 39, 40, 41, 44, 47, 50, 52, 53, 55, 57, 58, 65, 66, 67, 68, 69, 70, 71, 73, 77, 79, 87, 89, 99, 100, 101, 103, 111, 113, 121, 123, 133, 135, 142, 153, 160, 161, 163, 170, 172, 182, 192, 195, 197, 199, 201, 203, 205, 207, 209, 211, 213, 215, 217, 219, 221, 223, 225, 227, 229], "summary": {"covered_lines": 74, "num_statements": 74, "percent_covered": 100.0, "percent_covered_display": "100", "missing_lines": 0, "excluded_lines": 6}, "missing_lines": [], "excluded_lines": [77, 121, 133, 227, 228, 229], "functions": {"Model.__init__": {"executed_lines": [36, 37, 38, 39, 40, 41, 44, 47, 50], "summary": {"covered_lines": 9, "num_statements": 9, "percent_covered": 100.0, "percent_covered_display": "100", "missing_lines": 0, "excluded_lines": 0}, "missing_lines": [], "excluded_lines": []}, "Model.case": {"executed_lines": [65, 66, 67, 68, 69, 70, 71], "summary": {"covered_lines": 7, "num_statements": 7, "percent_covered": 100.0, "percent_covered_display": "100", "missing_lines": 0, "excluded_lines": 0}, "missing_lines": [], "excluded_lines": []}, "Model._apply_case_transformation": {"executed_lines": [77], "summary": {"covered_lines": 0, "num_statements": 0, "percent_covered": 100.0, "percent_covered_display": "100", "missing_lines": 0, "excluded_lines": 1}, "missing_lines": [], "excluded_lines": [77]}, "Model.set_precision": {"executed_lines": [87], "summary": {"covered_lines": 1, "num_statements": 1, "percent_covered": 100.0, "percent_covered_display": "100", "missing_lines": 0, "excluded_lines": 0}, "missing_lines": [], "excluded_lines": []}, "Model.get_precision": {"executed_lines": [99, 100, 101], "summary": {"covered_lines": 3, "num_statements": 3, "percent_covered": 100.0, "percent_covered_display": "100", "missing_lines": 0, "excluded_lines": 0}, "missing_lines": [], "excluded_lines": []}, "Model.connect": {"executed_lines": [111], "summary": {"covered_lines": 1, "num_statements": 1, "percent_covered": 100.0, "percent_covered_display": "100", "missing_lines": 0, "excluded_lines": 0}, "missing_lines": [], "excluded_lines": []}, "Model.free_energy": {"executed_lines": [121], "summary": {"covered_lines": 0, "num_statements": 0, "percent_covered": 100.0, "percent_covered_display": "100", "missing_lines": 0, "excluded_lines": 1}, "missing_lines": [], "excluded_lines": [121]}, "Model.predict": {"executed_lines": [133], "summary": {"covered_lines": 0, "num_statements": 0, "percent_covered": 100.0, "percent_covered_display": "100", "missing_lines": 0, "excluded_lines": 1}, "missing_lines": [], "excluded_lines": [133]}, "Model.get_state": {"executed_lines": [142], "summary": {"covered_lines": 1, "num_statements": 1, "percent_covered": 100.0, "percent_covered_display": "100", "missing_lines": 0, "excluded_lines": 0}, "missing_lines": [], "excluded_lines": []}, "Model.set_parameters": {"executed_lines": [160, 161], "summary": {"covered_lines": 2, "num_statements": 2, "percent_covered": 100.0, "percent_covered_display": "100", "missing_lines": 0, "excluded_lines": 0}, "missing_lines": [], "excluded_lines": []}, "Model.get_case_history": {"executed_lines": [170], "summary": {"covered_lines": 1, "num_statements": 1, "percent_covered": 100.0, "percent_covered_display": "100", "missing_lines": 0, "excluded_lines": 0}, "missing_lines": [], "excluded_lines": []}, "Model.update": {"executed_lines": [182, 192], "summary": {"covered_lines": 2, "num_statements": 2, "percent_covered": 100.0, "percent_covered_display": "100", "missing_lines": 0, "excluded_lines": 0}, "missing_lines": [], "excluded_lines": []}, "Model._update_nominative": {"executed_lines": [197], "summary": {"covered_lines": 1, "num_statements": 1, "percent_covered": 100.0, "percent_covered_display": "100", "missing_lines": 0, "excluded_lines": 0}, "missing_lines": [], "excluded_lines": []}, "Model._update_accusative": {"executed_lines": [201], "summary": {"covered_lines": 1, "num_statements": 1, "percent_covered": 100.0, "percent_covered_display": "100", "missing_lines": 0, "excluded_lines": 0}, "missing_lines": [], "excluded_lines": []}, "Model._update_genitive": {"executed_lines": [205], "summary": {"covered_lines": 1, "num_statements": 1, "percent_covered": 100.0, "percent_covered_display": "100", "missing_lines": 0, "excluded_lines": 0}, "missing_lines": [], "excluded_lines": []}, "Model._update_dative": {"executed_lines": [209], "summary": {"covered_lines": 1, "num_statements": 1, "percent_covered": 100.0, "percent_covered_display": "100", "missing_lines": 0, "excluded_lines": 0}, "missing_lines": [], "excluded_lines": []}, "Model._update_instrumental": {"executed_lines": [213], "summary": {"covered_lines": 1, "num_statements": 1, "percent_covered": 100.0, "percent_covered_display": "100", "missing_lines": 0, "excluded_lines": 0}, "missing_lines": [], "excluded_lines": []}, "Model._update_locative": {"executed_lines": [217], "summary": {"covered_lines": 1, "num_statements": 1, "percent_covered": 100.0, "percent_covered_display": "100", "missing_lines": 0, "excluded_lines": 0}, "missing_lines": [], "excluded_lines": []}, "Model._update_ablative": {"executed_lines": [221], "summary": {"covered_lines": 1, "num_statements": 1, "percent_covered": 100.0, "percent_covered_display": "100", "missing_lines": 0, "excluded_lines": 0}, "missing_lines": [], "excluded_lines": []}, "Model._update_vocative": {"executed_lines": [225], "summary": {"covered_lines": 1, "num_statements": 1, "percent_covered": 100.0, "percent_covered_display": "100", "missing_lines": 0, "excluded_lines": 0}, "missing_lines": [], "excluded_lines": []}, "Model.__repr__": {"executed_lines": [229], "summary": {"covered_lines": 0, "num_statements": 0, "percent_covered": 100.0, "percent_covered_display": "100", "missing_lines": 0, "excluded_lines": 2}, "missing_lines": [], "excluded_lines": [228, 229]}, "": {"executed_lines": [1, 2, 3, 4, 6, 8, 9, 10, 11, 12, 13, 14, 15, 16, 17, 20, 21, 28, 52, 53, 57, 58, 73, 79, 89, 103, 113, 123, 135, 153, 163, 172, 195, 199, 203, 207, 211, 215, 219, 223, 227], "summary": {"covered_lines": 38, "num_statements": 38, "percent_covered": 100.0, "percent_covered_display": "100", "missing_lines": 0, "excluded_lines": 1}, "missing_lines": [], "excluded_lines": [227]}}, "classes": {"Case": {"executed_lines": [], "summary": {"covered_lines": 0, "num_statements": 0, "percent_covered": 100.0, "percent_covered_display": "100", "missing_lines": 0, "excluded_lines": 0}, "missing_lines": [], "excluded_lines": []}, "Model": {"executed_lines": [36, 37, 38, 39, 40, 41, 44, 47, 50, 55, 65, 66, 67, 68, 69, 70, 71, 77, 87, 99, 100, 101, 111, 121, 133, 142, 160, 161, 170, 182, 192, 197, 201, 205, 209, 213, 217, 221, 225, 229], "summary": {"covered_lines": 36, "num_statements": 36, "percent_covered": 100.0, "percent_covered_display": "100", "missing_lines": 0, "excluded_lines": 5}, "missing_lines": [], "excluded_lines": [77, 121, 133, 228, 229]}, "": {"executed_lines": [1, 2, 3, 4, 6, 8, 9, 10, 11, 12, 13, 14, 15, 16, 17, 20, 21, 28, 52, 53, 57, 58, 73, 79, 89, 103, 113, 123, 135, 153, 163, 172, 195, 199, 203, 207, 211, 215, 219, 223, 227], "summary": {"covered_lines": 38, "num_statements": 38, "percent_covered": 100.0, "percent_covered_display": "100", "missing_lines": 0, "excluded_lines": 1}, "missing_lines": [], "excluded_lines": [227]}}}, "src/core/model_registry.py": {"executed_lines": [2, 7, 8, 9, 10, 11, 12, 13, 14, 16, 19, 21, 22, 23, 24, 25, 26, 27, 28, 29, 30, 31, 32, 33, 34, 36, 38, 39, 40, 41, 42, 44, 45, 47, 48, 49, 50, 51, 53, 54, 56, 62, 63, 65, 66, 68, 71, 72, 75, 77, 79, 99, 101, 105, 118, 119, 122, 135, 137, 138, 140, 151, 152, 153, 154, 157, 174, 175, 177, 193, 195, 196, 198, 201, 202, 204, 206, 216, 217, 218, 220, 221, 222, 224, 225, 227, 237, 238, 239, 241, 244, 245, 248, 256, 257, 259, 260, 262, 268, 270, 281, 283, 284, 285, 286, 289, 290, 291, 292, 295, 296, 297, 299, 301, 310, 311, 320, 321, 323, 324, 330, 332, 333, 334, 349, 351, 352, 361, 362, 368, 370, 373, 374, 375, 377, 381], "summary": {"covered_lines": 133, "num_statements": 177, "percent_covered": 75.14124293785311, "percent_covered_display": "75", "missing_lines": 44, "excluded_lines": 0}, "missing_lines": [102, 123, 124, 126, 127, 128, 129, 130, 131, 132, 158, 159, 160, 161, 162, 164, 165, 166, 168, 169, 171, 172, 199, 249, 250, 251, 252, 253, 326, 327, 328, 336, 337, 338, 340, 341, 342, 344, 346, 347, 364, 365, 379, 383], "excluded_lines": [], "functions": {"ModelMetadata.to_dict": {"executed_lines": [38, 39, 40, 41, 42], "summary": {"covered_lines": 5, "num_statements": 5, "percent_covered": 100.0, "percent_covered_display": "100", "missing_lines": 0, "excluded_lines": 0}, "missing_lines": [], "excluded_lines": []}, "ModelMetadata.from_dict": {"executed_lines": [47, 48, 49, 50, 51], "summary": {"covered_lines": 5, "num_statements": 5, "percent_covered": 100.0, "percent_covered_display": "100", "missing_lines": 0, "excluded_lines": 0}, "missing_lines": [], "excluded_lines": []}, "ModelRegistry.__init__": {"executed_lines": [62, 63, 65, 66, 68, 71, 72, 75, 77], "summary": {"covered_lines": 9, "num_statements": 9, "percent_covered": 100.0, "percent_covered_display": "100", "missing_lines": 0, "excluded_lines": 0}, "missing_lines": [], "excluded_lines": []}, "ModelRegistry.register_model": {"executed_lines": [99, 101, 105, 118, 119, 122, 135, 137, 138], "summary": {"covered_lines": 9, "num_statements": 19, "percent_covered": 47.36842105263158, "percent_covered_display": "47", "missing_lines": 10, "excluded_lines": 0}, "missing_lines": [102, 123, 124, 126, 127, 128, 129, 130, 131, 132], "excluded_lines": []}, "ModelRegistry.get_model": {"executed_lines": [151, 152, 153, 154, 157, 174, 175], "summary": {"covered_lines": 7, "num_statements": 19, "percent_covered": 36.8421052631579, "percent_covered_display": "37", "missing_lines": 12, "excluded_lines": 0}, "missing_lines": [158, 159, 160, 161, 162, 164, 165, 166, 168, 169, 171, 172], "excluded_lines": []}, "ModelRegistry.list_models": {"executed_lines": [193, 195, 196, 198, 201, 202, 204], "summary": {"covered_lines": 7, "num_statements": 8, "percent_covered": 87.5, "percent_covered_display": "88", "missing_lines": 1, "excluded_lines": 0}, "missing_lines": [199], "excluded_lines": []}, "ModelRegistry.update_model_metrics": {"executed_lines": [216, 217, 218, 220, 221, 222, 224, 225], "summary": {"covered_lines": 8, "num_statements": 8, "percent_covered": 100.0, "percent_covered_display": "100", "missing_lines": 0, "excluded_lines": 0}, "missing_lines": [], "excluded_lines": []}, "ModelRegistry.remove_model": {"executed_lines": [237, 238, 239, 241, 244, 245, 248, 256, 257, 259, 260], "summary": {"covered_lines": 11, "num_statements": 16, "percent_covered": 68.75, "percent_covered_display": "69", "missing_lines": 5, "excluded_lines": 0}, "missing_lines": [249, 250, 251, 252, 253], "excluded_lines": []}, "ModelRegistry.get_statistics": {"executed_lines": [268, 270, 281, 283, 284, 285, 286, 289, 290, 291, 292, 295, 296, 297, 299], "summary": {"covered_lines": 15, "num_statements": 15, "percent_covered": 100.0, "percent_covered_display": "100", "missing_lines": 0, "excluded_lines": 0}, "missing_lines": [], "excluded_lines": []}, "ModelRegistry.export_registry": {"executed_lines": [310, 311, 320, 321, 323, 324], "summary": {"covered_lines": 6, "num_statements": 9, "percent_covered": 66.66666666666667, "percent_covered_display": "67", "missing_lines": 3, "excluded_lines": 0}, "missing_lines": [326, 327, 328], "excluded_lines": []}, "ModelRegistry._load_registry": {"executed_lines": [332, 333, 334], "summary": {"covered_lines": 3, "num_statements": 12, "percent_covered": 25.0, "percent_covered_display": "25", "missing_lines": 9, "excluded_lines": 0}, "missing_lines": [336, 337, 338, 340, 341, 342, 344, 346, 347], "excluded_lines": []}, "ModelRegistry._save_registry": {"executed_lines": [351, 352, 361, 362], "summary": {"covered_lines": 4, "num_statements": 6, "percent_covered": 66.66666666666667, "percent_covered_display": "67", "missing_lines": 2, "excluded_lines": 0}, "missing_lines": [364, 365], "excluded_lines": []}, "get_global_registry": {"executed_lines": [373, 374, 375], "summary": {"covered_lines": 3, "num_statements": 3, "percent_covered": 100.0, "percent_covered_display": "100", "missing_lines": 0, "excluded_lines": 0}, "missing_lines": [], "excluded_lines": []}, "register_model": {"executed_lines": [], "summary": {"covered_lines": 0, "num_statements": 1, "percent_covered": 0.0, "percent_covered_display": "0", "missing_lines": 1, "excluded_lines": 0}, "missing_lines": [379], "excluded_lines": []}, "get_model": {"executed_lines": [], "summary": {"covered_lines": 0, "num_statements": 1, "percent_covered": 0.0, "percent_covered_display": "0", "missing_lines": 1, "excluded_lines": 0}, "missing_lines": [383], "excluded_lines": []}, "": {"executed_lines": [2, 7, 8, 9, 10, 11, 12, 13, 14, 16, 19, 21, 22, 23, 24, 25, 26, 27, 28, 29, 30, 31, 32, 33, 34, 36, 44, 45, 53, 54, 56, 79, 140, 177, 206, 227, 262, 301, 330, 349, 368, 370, 377, 381], "summary": {"covered_lines": 41, "num_statements": 41, "percent_covered": 100.0, "percent_covered_display": "100", "missing_lines": 0, "excluded_lines": 0}, "missing_lines": [], "excluded_lines": []}}, "classes": {"ModelMetadata": {"executed_lines": [38, 39, 40, 41, 42, 47, 48, 49, 50, 51], "summary": {"covered_lines": 10, "num_statements": 10, "percent_covered": 100.0, "percent_covered_display": "100", "missing_lines": 0, "excluded_lines": 0}, "missing_lines": [], "excluded_lines": []}, "ModelRegistry": {"executed_lines": [62, 63, 65, 66, 68, 71, 72, 75, 77, 99, 101, 105, 118, 119, 122, 135, 137, 138, 151, 152, 153, 154, 157, 174, 175, 193, 195, 196, 198, 201, 202, 204, 216, 217, 218, 220, 221, 222, 224, 225, 237, 238, 239, 241, 244, 245, 248, 256, 257, 259, 260, 268, 270, 281, 283, 284, 285, 286, 289, 290, 291, 292, 295, 296, 297, 299, 310, 311, 320, 321, 323, 324, 332, 333, 334, 351, 352, 361, 362], "summary": {"covered_lines": 79, "num_statements": 121, "percent_covered": 65.2892561983471, "percent_covered_display": "65", "missing_lines": 42, "excluded_lines": 0}, "missing_lines": [102, 123, 124, 126, 127, 128, 129, 130, 131, 132, 158, 159, 160, 161, 162, 164, 165, 166, 168, 169, 171, 172, 199, 249, 250, 251, 252, 253, 326, 327, 328, 336, 337, 338, 340, 341, 342, 344, 346, 347, 364, 365], "excluded_lines": []}, "": {"executed_lines": [2, 7, 8, 9, 10, 11, 12, 13, 14, 16, 19, 21, 22, 23, 24, 25, 26, 27, 28, 29, 30, 31, 32, 33, 34, 36, 44, 45, 53, 54, 56, 79, 140, 177, 206, 227, 262, 301, 330, 349, 368, 370, 373, 374, 375, 377, 381], "summary": {"covered_lines": 44, "num_statements": 46, "percent_covered": 95.65217391304348, "percent_covered_display": "96", "missing_lines": 2, "excluded_lines": 0}, "missing_lines": [379, 383], "excluded_lines": []}}}, "src/core/neural_network.py": {"executed_lines": [1, 2, 3, 5, 7, 9, 10, 17, 37, 40, 41, 42, 43, 46, 49, 50, 53, 54, 56, 57, 58, 59, 62, 63, 64, 67, 68, 71, 72, 75, 76, 78, 81, 89, 97, 105, 113, 121, 129, 137, 144, 147, 150, 152, 154, 155, 159, 161, 162, 163, 165, 166, 171, 173, 174, 175, 178, 179, 183, 194, 195, 198, 200, 203, 204, 205, 207, 208, 213, 214, 217, 218, 221, 222, 223, 224, 227, 229, 241, 244, 247, 248, 251, 256, 259, 262, 264, 267, 268, 271, 279, 282, 284, 287, 305, 315, 316, 319, 320, 322, 323, 324, 327, 329, 330, 332, 334, 347, 350, 351, 354, 355, 358, 361, 363, 364, 366, 369, 370, 372, 374, 377, 378, 379, 382, 383, 385, 391, 401, 402, 403, 405, 425, 426, 427, 429, 430, 432, 434, 435, 436, 439, 440, 441, 443, 444, 447, 448, 450, 451, 458, 469, 472, 475, 478, 479, 480, 482, 488, 516, 533, 550, 575, 597, 648, 693, 726], "summary": {"covered_lines": 165, "num_statements": 283, "percent_covered": 58.303886925795055, "percent_covered_display": "58", "missing_lines": 118, "excluded_lines": 7}, "missing_lines": [157, 164, 168, 169, 176, 177, 181, 206, 210, 225, 254, 289, 290, 291, 293, 294, 295, 297, 298, 301, 303, 499, 500, 503, 506, 507, 508, 511, 514, 518, 519, 521, 522, 525, 527, 535, 536, 538, 539, 542, 544, 552, 553, 555, 556, 559, 562, 563, 564, 566, 577, 578, 580, 581, 584, 586, 589, 591, 599, 600, 603, 605, 606, 607, 608, 609, 610, 618, 619, 620, 622, 623, 624, 626, 634, 642, 650, 651, 653, 655, 657, 664, 671, 673, 679, 687, 695, 696, 698, 699, 702, 703, 707, 709, 711, 712, 715, 717, 728, 729, 732, 734, 735, 736, 737, 738, 745, 746, 753, 760, 761, 762, 763, 764, 771, 772, 781, 789], "excluded_lines": [184, 230, 243, 279, 306, 335, 346], "functions": {"NeuralNetworkModel.__init__": {"executed_lines": [37, 40, 41, 42, 43, 46, 49, 50, 53, 54, 56, 57, 58, 59, 62, 63, 64, 67, 68, 71, 72, 75, 76], "summary": {"covered_lines": 23, "num_statements": 23, "percent_covered": 100.0, "percent_covered_display": "100", "missing_lines": 0, "excluded_lines": 0}, "missing_lines": [], "excluded_lines": []}, "NeuralNetworkModel._setup_case_configurations": {"executed_lines": [81, 89, 97, 105, 113, 121, 129, 137], "summary": {"covered_lines": 8, "num_statements": 8, "percent_covered": 100.0, "percent_covered_display": "100", "missing_lines": 0, "excluded_lines": 0}, "missing_lines": [], "excluded_lines": []}, "NeuralNetworkModel._apply_case_transformation": {"executed_lines": [147, 150, 152, 154, 155], "summary": {"covered_lines": 5, "num_statements": 6, "percent_covered": 83.33333333333333, "percent_covered_display": "83", "missing_lines": 1, "excluded_lines": 0}, "missing_lines": [157], "excluded_lines": []}, "NeuralNetworkModel._activation_function": {"executed_lines": [161, 162, 163, 165, 166], "summary": {"covered_lines": 5, "num_statements": 8, "percent_covered": 62.5, "percent_covered_display": "62", "missing_lines": 3, "excluded_lines": 0}, "missing_lines": [164, 168, 169], "excluded_lines": []}, "NeuralNetworkModel._activation_derivative": {"executed_lines": [173, 174, 175, 178, 179], "summary": {"covered_lines": 5, "num_statements": 8, "percent_covered": 62.5, "percent_covered_display": "62", "missing_lines": 3, "excluded_lines": 0}, "missing_lines": [176, 177, 181], "excluded_lines": []}, "NeuralNetworkModel._forward_with_activations": {"executed_lines": [194, 195, 198, 200, 203, 204, 205, 207, 208, 213, 214, 217, 218, 221, 222, 223, 224, 227], "summary": {"covered_lines": 18, "num_statements": 21, "percent_covered": 85.71428571428571, "percent_covered_display": "86", "missing_lines": 3, "excluded_lines": 1}, "missing_lines": [206, 210, 225], "excluded_lines": [184]}, "NeuralNetworkModel._backward_with_metrics": {"executed_lines": [241, 244, 247, 248, 251, 256, 259, 262, 264, 267, 268, 271, 279, 282, 284, 287], "summary": {"covered_lines": 15, "num_statements": 26, "percent_covered": 57.69230769230769, "percent_covered_display": "58", "missing_lines": 11, "excluded_lines": 3}, "missing_lines": [254, 289, 290, 291, 293, 294, 295, 297, 298, 301, 303], "excluded_lines": [230, 243, 279]}, "NeuralNetworkModel.forward": {"executed_lines": [315, 316, 319, 320, 322, 323, 324, 327, 329, 330, 332], "summary": {"covered_lines": 11, "num_statements": 11, "percent_covered": 100.0, "percent_covered_display": "100", "missing_lines": 0, "excluded_lines": 1}, "missing_lines": [], "excluded_lines": [306]}, "NeuralNetworkModel.backward": {"executed_lines": [347, 350, 351, 354, 355, 358, 361, 363, 364, 366, 369, 370, 372, 374, 377, 378, 379, 382, 383, 385], "summary": {"covered_lines": 20, "num_statements": 20, "percent_covered": 100.0, "percent_covered_display": "100", "missing_lines": 0, "excluded_lines": 2}, "missing_lines": [], "excluded_lines": [335, 346]}, "NeuralNetworkModel.predict": {"executed_lines": [401, 402, 403], "summary": {"covered_lines": 3, "num_statements": 3, "percent_covered": 100.0, "percent_covered_display": "100", "missing_lines": 0, "excluded_lines": 0}, "missing_lines": [], "excluded_lines": []}, "NeuralNetworkModel.train": {"executed_lines": [425, 426, 427, 429, 430, 432, 434, 435, 436, 439, 440, 441, 443, 444, 447, 448, 450, 451], "summary": {"covered_lines": 18, "num_statements": 18, "percent_covered": 100.0, "percent_covered_display": "100", "missing_lines": 0, "excluded_lines": 0}, "missing_lines": [], "excluded_lines": []}, "NeuralNetworkModel.evaluate": {"executed_lines": [469, 472, 475, 478, 479, 480, 482], "summary": {"covered_lines": 7, "num_statements": 7, "percent_covered": 100.0, "percent_covered_display": "100", "missing_lines": 0, "excluded_lines": 0}, "missing_lines": [], "excluded_lines": []}, "NeuralNetworkModel.free_energy": {"executed_lines": [], "summary": {"covered_lines": 0, "num_statements": 8, "percent_covered": 0.0, "percent_covered_display": "0", "missing_lines": 8, "excluded_lines": 0}, "missing_lines": [499, 500, 503, 506, 507, 508, 511, 514], "excluded_lines": []}, "NeuralNetworkModel._update_nominative": {"executed_lines": [], "summary": {"covered_lines": 0, "num_statements": 6, "percent_covered": 0.0, "percent_covered_display": "0", "missing_lines": 6, "excluded_lines": 0}, "missing_lines": [518, 519, 521, 522, 525, 527], "excluded_lines": []}, "NeuralNetworkModel._update_accusative": {"executed_lines": [], "summary": {"covered_lines": 0, "num_statements": 6, "percent_covered": 0.0, "percent_covered_display": "0", "missing_lines": 6, "excluded_lines": 0}, "missing_lines": [535, 536, 538, 539, 542, 544], "excluded_lines": []}, "NeuralNetworkModel._update_genitive": {"executed_lines": [], "summary": {"covered_lines": 0, "num_statements": 9, "percent_covered": 0.0, "percent_covered_display": "0", "missing_lines": 9, "excluded_lines": 0}, "missing_lines": [552, 553, 555, 556, 559, 562, 563, 564, 566], "excluded_lines": []}, "NeuralNetworkModel._update_dative": {"executed_lines": [], "summary": {"covered_lines": 0, "num_statements": 8, "percent_covered": 0.0, "percent_covered_display": "0", "missing_lines": 8, "excluded_lines": 0}, "missing_lines": [577, 578, 580, 581, 584, 586, 589, 591], "excluded_lines": []}, "NeuralNetworkModel._update_instrumental": {"executed_lines": [], "summary": {"covered_lines": 0, "num_statements": 18, "percent_covered": 0.0, "percent_covered_display": "0", "missing_lines": 18, "excluded_lines": 0}, "missing_lines": [599, 600, 603, 605, 606, 607, 608, 609, 610, 618, 619, 620, 622, 623, 624, 626, 634, 642], "excluded_lines": []}, "NeuralNetworkModel._update_locative": {"executed_lines": [], "summary": {"covered_lines": 0, "num_statements": 10, "percent_covered": 0.0, "percent_covered_display": "0", "missing_lines": 10, "excluded_lines": 0}, "missing_lines": [650, 651, 653, 655, 657, 664, 671, 673, 679, 687], "excluded_lines": []}, "NeuralNetworkModel._update_ablative": {"executed_lines": [], "summary": {"covered_lines": 0, "num_statements": 12, "percent_covered": 0.0, "percent_covered_display": "0", "missing_lines": 12, "excluded_lines": 0}, "missing_lines": [695, 696, 698, 699, 702, 703, 707, 709, 711, 712, 715, 717], "excluded_lines": []}, "NeuralNetworkModel._update_vocative": {"executed_lines": [], "summary": {"covered_lines": 0, "num_statements": 20, "percent_covered": 0.0, "percent_covered_display": "0", "missing_lines": 20, "excluded_lines": 0}, "missing_lines": [728, 729, 732, 734, 735, 736, 737, 738, 745, 746, 753, 760, 761, 762, 763, 764, 771, 772, 781, 789], "excluded_lines": []}, "": {"executed_lines": [1, 2, 3, 5, 7, 9, 10, 17, 78, 144, 159, 171, 183, 229, 305, 334, 391, 405, 458, 488, 516, 533, 550, 575, 597, 648, 693, 726], "summary": {"covered_lines": 27, "num_statements": 27, "percent_covered": 100.0, "perc
[...]
4, 36, 38, 41, 42, 44, 45, 46, 48, 60, 71, 72, 73, 74, 77, 78, 79, 80, 82, 84, 86, 98, 99, 108, 110, 112, 115, 116, 117, 118, 121, 130, 131, 132, 133, 134, 141, 142, 143, 144, 147, 148, 149, 150, 152, 154, 156, 166, 167, 168, 170, 172, 173, 180, 182, 184, 187, 188, 189, 190, 191, 192, 193, 196, 197, 198, 199, 200, 201, 208, 216, 217, 218, 219, 220, 223, 224, 225, 226, 229, 230, 231, 232, 234, 236, 238, 249, 250, 251, 253, 255, 256, 258, 260, 261, 269, 271, 273, 276, 282, 283, 284, 291, 298, 306, 307, 308, 309, 312, 313, 314, 315, 317, 319, 321, 330, 331, 339, 341, 342, 350, 352, 353, 361, 363, 365, 368, 369, 370, 371, 372, 380, 387, 395, 403, 404, 405, 406, 409, 410, 411, 412, 414, 416, 418, 437, 438, 446, 448, 450, 453, 455, 473, 474, 475, 476, 483, 484, 485, 486, 487, 490, 491, 492, 493, 494, 497, 498, 499, 502, 503, 504, 505, 507, 509, 511, 528, 529, 536, 538, 539, 540, 542, 544, 545, 546, 548, 554], "excluded_lines": [], "functions": {"ComprehensiveReportGenerator.__init__": {"executed_lines": [], "summary": {"covered_lines": 0, "num_statements": 3, "percent_covered": 0.0, "percent_covered_display": "0", "missing_lines": 3, "excluded_lines": 0}, "missing_lines": [18, 19, 20], "excluded_lines": []}, "ComprehensiveReportGenerator.generate_all_reports": {"executed_lines": [], "summary": {"covered_lines": 0, "num_statements": 8, "percent_covered": 0.0, "percent_covered_display": "0", "missing_lines": 8, "excluded_lines": 0}, "missing_lines": [24, 27, 28, 29, 30, 31, 32, 34], "excluded_lines": []}, "ComprehensiveReportGenerator.generate_performance_report": {"executed_lines": [], "summary": {"covered_lines": 0, "num_statements": 17, "percent_covered": 0.0, "percent_covered_display": "0", "missing_lines": 17, "excluded_lines": 0}, "missing_lines": [38, 41, 42, 44, 45, 46, 48, 60, 71, 72, 73, 74, 77, 78, 79, 80, 82], "excluded_lines": []}, "ComprehensiveReportGenerator._generate_performance_markdown": {"executed_lines": [], "summary": {"covered_lines": 0, "num_statements": 4, "percent_covered": 0.0, "percent_covered_display": "0", "missing_lines": 4, "excluded_lines": 0}, "missing_lines": [86, 98, 99, 108], "excluded_lines": []}, "ComprehensiveReportGenerator.generate_behavioral_report": {"executed_lines": [], "summary": {"covered_lines": 0, "num_statements": 20, "percent_covered": 0.0, "percent_covered_display": "0", "missing_lines": 20, "excluded_lines": 0}, "missing_lines": [112, 115, 116, 117, 118, 121, 130, 131, 132, 133, 134, 141, 142, 143, 144, 147, 148, 149, 150, 152], "excluded_lines": []}, "ComprehensiveReportGenerator._generate_behavioral_markdown": {"executed_lines": [], "summary": {"covered_lines": 0, "num_statements": 8, "percent_covered": 0.0, "percent_covered_display": "0", "missing_lines": 8, "excluded_lines": 0}, "missing_lines": [156, 166, 167, 168, 170, 172, 173, 180], "excluded_lines": []}, "ComprehensiveReportGenerator.generate_case_analysis_report": {"executed_lines": [], "summary": {"covered_lines": 0, "num_statements": 29, "percent_covered": 0.0, "percent_covered_display": "0", "missing_lines": 29, "excluded_lines": 0}, "missing_lines": [184, 187, 188, 189, 190, 191, 192, 193, 196, 197, 198, 199, 200, 201, 208, 216, 217, 218, 219, 220, 223, 224, 225, 226, 229, 230, 231, 232, 234], "excluded_lines": []}, "ComprehensiveReportGenerator._generate_case_analysis_markdown": {"executed_lines": [], "summary": {"covered_lines": 0, "num_statements": 11, "percent_covered": 0.0, "percent_covered_display": "0", "missing_lines": 11, "excluded_lines": 0}, "missing_lines": [238, 249, 250, 251, 253, 255, 256, 258, 260, 261, 269], "excluded_lines": []}, "ComprehensiveReportGenerator.generate_neural_activity_report": {"executed_lines": [], "summary": {"covered_lines": 0, "num_statements": 16, "percent_covered": 0.0, "percent_covered_display": "0", "missing_lines": 16, "excluded_lines": 0}, "missing_lines": [273, 276, 282, 283, 284, 291, 298, 306, 307, 308, 309, 312, 313, 314, 315, 317], "excluded_lines": []}, "ComprehensiveReportGenerator._generate_neural_activity_markdown": {"executed_lines": [], "summary": {"covered_lines": 0, "num_statements": 10, "percent_covered": 0.0, "percent_covered_display": "0", "missing_lines": 10, "excluded_lines": 0}, "missing_lines": [321, 330, 331, 339, 341, 342, 350, 352, 353, 361], "excluded_lines": []}, "ComprehensiveReportGenerator.generate_swarm_analysis_report": {"executed_lines": [], "summary": {"covered_lines": 0, "num_statements": 18, "percent_covered": 0.0, "percent_covered_display": "0", "missing_lines": 18, "excluded_lines": 0}, "missing_lines": [365, 368, 369, 370, 371, 372, 380, 387, 395, 403, 404, 405, 406, 409, 410, 411, 412, 414], "excluded_lines": []}, "ComprehensiveReportGenerator._generate_swarm_analysis_markdown": {"executed_lines": [], "summary": {"covered_lines": 0, "num_statements": 4, "percent_covered": 0.0, "percent_covered_display": "0", "missing_lines": 4, "excluded_lines": 0}, "missing_lines": [418, 437, 438, 446], "excluded_lines": []}, "ComprehensiveReportGenerator.generate_comprehensive_report": {"executed_lines": [], "summary": {"covered_lines": 0, "num_statements": 25, "percent_covered": 0.0, "percent_covered_display": "0", "missing_lines": 25, "excluded_lines": 0}, "missing_lines": [450, 453, 455, 473, 474, 475, 476, 483, 484, 485, 486, 487, 490, 491, 492, 493, 494, 497, 498, 499, 502, 503, 504, 505, 507], "excluded_lines": []}, "ComprehensiveReportGenerator._generate_comprehensive_markdown": {"executed_lines": [], "summary": {"covered_lines": 0, "num_statements": 13, "percent_covered": 0.0, "percent_covered_display": "0", "missing_lines": 13, "excluded_lines": 0}, "missing_lines": [511, 528, 529, 536, 538, 539, 540, 542, 544, 545, 546, 548, 554], "excluded_lines": []}, "": {"executed_lines": [], "summary": {"covered_lines": 0, "num_statements": 20, "percent_covered": 0.0, "percent_covered_display": "0", "missing_lines": 20, "excluded_lines": 0}, "missing_lines": [8, 9, 10, 11, 12, 14, 17, 22, 36, 84, 110, 154, 182, 236, 271, 319, 363, 416, 448, 509], "excluded_lines": []}}, "classes": {"ComprehensiveReportGenerator": {"executed_lines": [], "summary": {"covered_lines": 0, "num_statements": 186, "percent_covered": 0.0, "percent_covered_display": "0", "missing_lines": 186, "excluded_lines": 0}, "missing_lines": [18, 19, 20, 24, 27, 28, 29, 30, 31, 32, 34, 38, 41, 42, 44, 45, 46, 48, 60, 71, 72, 73, 74, 77, 78, 79, 80, 82, 86, 98, 99, 108, 112, 115, 116, 117, 118, 121, 130, 131, 132, 133, 134, 141, 142, 143, 144, 147, 148, 149, 150, 152, 156, 166, 167, 168, 170, 172, 173, 180, 184, 187, 188, 189, 190, 191, 192, 193, 196, 197, 198, 199, 200, 201, 208, 216, 217, 218, 219, 220, 223, 224, 225, 226, 229, 230, 231, 232, 234, 238, 249, 250, 251, 253, 255, 256, 258, 260, 261, 269, 273, 276, 282, 283, 284, 291, 298, 306, 307, 308, 309, 312, 313, 314, 315, 317, 321, 330, 331, 339, 341, 342, 350, 352, 353, 361, 365, 368, 369, 370, 371, 372, 380, 387, 395, 403, 404, 405, 406, 409, 410, 411, 412, 414, 418, 437, 438, 446, 450, 453, 455, 473, 474, 475, 476, 483, 484, 485, 486, 487, 490, 491, 492, 493, 494, 497, 498, 499, 502, 503, 504, 505, 507, 511, 528, 529, 536, 538, 539, 540, 542, 544, 545, 546, 548, 554], "excluded_lines": []}, "": {"executed_lines": [], "summary": {"covered_lines": 0, "num_statements": 20, "percent_covered": 0.0, "percent_covered_display": "0", "missing_lines": 20, "excluded_lines": 0}, "missing_lines": [8, 9, 10, 11, 12, 14, 17, 22, 36, 84, 110, 154, 182, 236, 271, 319, 363, 416, 448, 509], "excluded_lines": []}}}, "src/visualization/insect/simulation_logger.py": {"executed_lines": [1, 8, 9, 10, 11, 12, 13, 14, 15, 16, 17, 19, 20, 21, 24, 25, 26, 37, 40, 41, 42, 43, 44, 45, 46, 47, 48, 49, 50, 51, 54, 55, 56, 57, 58, 59, 60, 61, 62, 63, 66, 67, 71, 97, 127, 157, 188, 207, 221, 248, 276, 284, 334, 394, 395, 399, 415, 445, 547, 602, 603, 607, 624, 658, 679, 769], "summary": {"covered_lines": 59, "num_statements": 314, "percent_covered": 18.78980891719745, "percent_covered_display": "19", "missing_lines": 255, "excluded_lines": 0}, "missing_lines": [27, 28, 29, 30, 31, 32, 33, 34, 35, 79, 80, 81, 83, 84, 85, 86, 87, 90, 91, 92, 93, 95, 108, 120, 123, 125, 140, 150, 153, 155, 169, 181, 184, 186, 195, 200, 203, 205, 209, 211, 212, 213, 216, 217, 218, 219, 223, 225, 239, 240, 241, 242, 243, 244, 245, 246, 250, 252, 267, 268, 269, 270, 271, 272, 273, 274, 278, 279, 280, 281, 282, 291, 299, 300, 301, 302, 303, 305, 313, 314, 315, 316, 317, 318, 320, 328, 329, 330, 332, 344, 346, 347, 349, 362, 363, 365, 366, 369, 370, 373, 377, 378, 390, 391, 406, 407, 408, 410, 411, 413, 426, 434, 437, 438, 452, 459, 460, 462, 463, 464, 466, 467, 468, 469, 470, 471, 473, 474, 475, 478, 479, 480, 482, 491, 500, 501, 502, 503, 506, 508, 509, 510, 511, 512, 513, 515, 516, 518, 520, 523, 524, 526, 534, 535, 538, 545, 557, 558, 560, 561, 562, 563, 565, 566, 568, 569, 572, 573, 575, 576, 585, 586, 587, 589, 590, 598, 599, 614, 615, 616, 618, 619, 620, 622, 635, 645, 646, 649, 650, 651, 669, 677, 686, 694, 695, 696, 697, 699, 707, 708, 709, 710, 711, 713, 720, 721, 722, 723, 726, 727, 728, 730, 731, 732, 733, 734, 736, 737, 738, 740, 741, 742, 743, 745, 746, 747, 748, 749, 750, 751, 753, 755, 760, 767, 779, 780, 782, 783, 784, 785, 787, 788, 790, 791, 794, 795, 797, 798, 806, 807, 808, 810, 811, 817, 818], "excluded_lines": [], "functions": {"CaseEncoder.default": {"executed_lines": [], "summary": {"covered_lines": 0, "num_statements": 9, "percent_covered": 0.0, "percent_covered_display": "0", "missing_lines": 9, "excluded_lines": 0}, "missing_lines": [27, 28, 29, 30, 31, 32, 33, 34, 35], "excluded_lines": []}, "InsectSimulationLogger.__init__": {"executed_lines": [], "summary": {"covered_lines": 0, "num_statements": 13, "percent_covered": 0.0, "percent_covered_display": "0", "missing_lines": 13, "excluded_lines": 0}, "missing_lines": [79, 80, 81, 83, 84, 85, 86, 87, 90, 91, 92, 93, 95], "excluded_lines": []}, "InsectSimulationLogger.log_event": {"executed_lines": [], "summary": {"covered_lines": 0, "num_statements": 4, "percent_covered": 0.0, "percent_covered_display": "0", "missing_lines": 4, "excluded_lines": 0}, "missing_lines": [108, 120, 123, 125], "excluded_lines": []}, "InsectSimulationLogger.log_case_performance": {"executed_lines": [], "summary": {"covered_lines": 0, "num_statements": 4, "percent_covered": 0.0, "percent_covered_display": "0", "missing_lines": 4, "excluded_lines": 0}, "missing_lines": [140, 150, 153, 155], "excluded_lines": []}, "InsectSimulationLogger.log_behavioral_pattern": {"executed_lines": [], "summary": {"covered_lines": 0, "num_statements": 4, "percent_covered": 0.0, "percent_covered_display": "0", "missing_lines": 4, "excluded_lines": 0}, "missing_lines": [169, 181, 184, 186], "excluded_lines": []}, "InsectSimulationLogger.log_simulation_statistics": {"executed_lines": [], "summary": {"covered_lines": 0, "num_statements": 4, "percent_covered": 0.0, "percent_covered_display": "0", "missing_lines": 4, "excluded_lines": 0}, "missing_lines": [195, 200, 203, 205], "excluded_lines": []}, "InsectSimulationLogger._write_event_to_file": {"executed_lines": [], "summary": {"covered_lines": 0, "num_statements": 8, "percent_covered": 0.0, "percent_covered_display": "0", "missing_lines": 8, "excluded_lines": 0}, "missing_lines": [209, 211, 212, 213, 216, 217, 218, 219], "excluded_lines": []}, "InsectSimulationLogger._write_case_performance_to_csv": {"executed_lines": [], "summary": {"covered_lines": 0, "num_statements": 10, "percent_covered": 0.0, "percent_covered_display": "0", "missing_lines": 10, "excluded_lines": 0}, "missing_lines": [223, 225, 239, 240, 241, 242, 243, 244, 245, 246], "excluded_lines": []}, "InsectSimulationLogger._write_behavioral_pattern_to_csv": {"executed_lines": [], "summary": {"covered_lines": 0, "num_statements": 10, "percent_covered": 0.0, "percent_covered_display": "0", "missing_lines": 10, "excluded_lines": 0}, "missing_lines": [250, 252, 267, 268, 269, 270, 271, 272, 273, 274], "excluded_lines": []}, "InsectSimulationLogger._write_statistics_to_file": {"executed_lines": [], "summary": {"covered_lines": 0, "num_statements": 5, "percent_covered": 0.0, "percent_covered_display": "0", "missing_lines": 5, "excluded_lines": 0}, "missing_lines": [278, 279, 280, 281, 282], "excluded_lines": []}, "InsectSimulationLogger.get_simulation_summary": {"executed_lines": [], "summary": {"covered_lines": 0, "num_statements": 18, "percent_covered": 0.0, "percent_covered_display": "0", "missing_lines": 18, "excluded_lines": 0}, "missing_lines": [291, 299, 300, 301, 302, 303, 305, 313, 314, 315, 316, 317, 318, 320, 328, 329, 330, 332], "excluded_lines": []}, "InsectSimulationLogger.export_data": {"executed_lines": [], "summary": {"covered_lines": 0, "num_statements": 15, "percent_covered": 0.0, "percent_covered_display": "0", "missing_lines": 15, "excluded_lines": 0}, "missing_lines": [344, 346, 347, 349, 362, 363, 365, 366, 369, 370, 373, 377, 378, 390, 391], "excluded_lines": []}, "CasePerformanceLogger.__init__": {"executed_lines": [], "summary": {"covered_lines": 0, "num_statements": 6, "percent_covered": 0.0, "percent_covered_display": "0", "missing_lines": 6, "excluded_lines": 0}, "missing_lines": [406, 407, 408, 410, 411, 413], "excluded_lines": []}, "CasePerformanceLogger.log_case_metrics": {"executed_lines": [], "summary": {"covered_lines": 0, "num_statements": 4, "percent_covered": 0.0, "percent_covered_display": "0", "missing_lines": 4, "excluded_lines": 0}, "missing_lines": [426, 434, 437, 438], "excluded_lines": []}, "CasePerformanceLogger.get_case_effectiveness_report": {"executed_lines": [], "summary": {"covered_lines": 0, "num_statements": 42, "percent_covered": 0.0, "percent_covered_display": "0", "missing_lines": 42, "excluded_lines": 0}, "missing_lines": [452, 459, 460, 462, 463, 464, 466, 467, 468, 469, 470, 471, 473, 474, 475, 478, 479, 480, 482, 491, 500, 501, 502, 503, 506, 508, 509, 510, 511, 512, 513, 515, 516, 518, 520, 523, 524, 526, 534, 535, 538, 545], "excluded_lines": []}, "CasePerformanceLogger.export_case_report": {"executed_lines": [], "summary": {"covered_lines": 0, "num_statements": 21, "percent_covered": 0.0, "percent_covered_display": "0", "missing_lines": 21, "excluded_lines": 0}, "missing_lines": [557, 558, 560, 561, 562, 563, 565, 566, 568, 569, 572, 573, 575, 576, 585, 586, 587, 589, 590, 598, 599], "excluded_lines": []}, "BehavioralLogger.__init__": {"executed_lines": [], "summary": {"covered_lines": 0, "num_statements": 7, "percent_covered": 0.0, "percent_covered_display": "0", "missing_lines": 7, "excluded_lines": 0}, "missing_lines": [614, 615, 616, 618, 619, 620, 622], "excluded_lines": []}, "BehavioralLogger.log_behavior_sequence": {"executed_lines": [], "summary": {"covered_lines": 0, "num_statements": 6, "percent_covered": 0.0, "percent_covered_display": "0", "missing_lines": 6, "excluded_lines": 0}, "missing_lines": [635, 645, 646, 649, 650, 651], "excluded_lines": []}, "BehavioralLogger.log_behavior_context": {"executed_lines": [], "summary": {"covered_lines": 0, "num_statements": 2, "percent_covered": 0.0, "percent_covered_display": "0", "missing_lines": 2, "excluded_lines": 0}, "missing_lines": [669, 677], "excluded_lines": []}, "BehavioralLogger.get_behavioral_analysis": {"executed_lines": [], "summary": {"covered_lines": 0, "num_statements": 42, "percent_covered": 0.0, "percent_covered_display": "0", "missing_lines": 42, "excluded_lines": 0}, "missing_lines": [686, 694, 695, 696, 697, 699, 707, 708, 709, 710, 711, 713, 720, 721, 722, 723, 726, 727, 728, 730, 731, 732, 733, 734, 736, 737, 738, 740, 741, 742, 743, 745, 746, 747, 748, 749, 750, 751, 753, 755, 760, 767], "excluded_lines": []}, "BehavioralLogger.export_behavioral_report": {"executed_lines": [], "summary": {"covered_lines": 0, "num_statements": 21, "percent_covered": 0.0, "percent_covered_display": "0", "missing_lines": 21, "excluded_lines": 0}, "missing_lines": [779, 780, 782, 783, 784, 785, 787, 788, 790, 791, 794, 795, 797, 798, 806, 807, 808, 810, 811, 817, 818], "excluded_lines": []}, "": {"executed_lines": [1, 8, 9, 10, 11, 12, 13, 14, 15, 16, 17, 19, 20, 21, 24, 25, 26, 37, 40, 41, 42, 43, 44, 45, 46, 47, 48, 49, 50, 51, 54, 55, 56, 57, 58, 59, 60, 61, 62, 63, 66, 67, 71, 97, 127, 157, 188, 207, 221, 248, 276, 284, 334, 394, 395, 399, 415, 445, 547, 602, 603, 607, 624, 658, 679, 769], "summary": {"covered_lines": 59, "num_statements": 59, "percent_covered": 100.0, "percent_covered_display": "100", "missing_lines": 0, "excluded_lines": 0}, "missing_lines": [], "excluded_lines": []}}, "classes": {"CaseEncoder": {"executed_lines": [], "summary": {"covered_lines": 0, "num_statements": 9, "percent_covered": 0.0, "percent_covered_display": "0", "missing_lines": 9, "excluded_lines": 0}, "missing_lines": [27, 28, 29, 30, 31, 32, 33, 34, 35], "excluded_lines": []}, "SimulationEvent": {"executed_lines": [], "summary": {"covered_lines": 0, "num_statements": 0, "percent_covered": 100.0, "percent_covered_display": "100", "missing_lines": 0, "excluded_lines": 0}, "missing_lines": [], "excluded_lines": []}, "CasePerformanceRecord": {"executed_lines": [], "summary": {"covered_lines": 0, "num_statements": 0, "percent_covered": 100.0, "percent_covered_display": "100", "missing_lines": 0, "excluded_lines": 0}, "missing_lines": [], "excluded_lines": []}, "InsectSimulationLogger": {"executed_lines": [], "summary": {"covered_lines": 0, "num_statements": 95, "percent_covered": 0.0, "percent_covered_display": "0", "missing_lines": 95, "excluded_lines": 0}, "missing_lines": [79, 80, 81, 83, 84, 85, 86, 87, 90, 91, 92, 93, 95, 108, 120, 123, 125, 140, 150, 153, 155, 169, 181, 184, 186, 195, 200, 203, 205, 209, 211, 212, 213, 216, 217, 218, 219, 223, 225, 239, 240, 241, 242, 243, 244, 245, 246, 250, 252, 267, 268, 269, 270, 271, 272, 273, 274, 278, 279, 280, 281, 282, 291, 299, 300, 301, 302, 303, 305, 313, 314, 315, 316, 317, 318, 320, 328, 329, 330, 332, 344, 346, 347, 349, 362, 363, 365, 366, 369, 370, 373, 377, 378, 390, 391], "excluded_lines": []}, "CasePerformanceLogger": {"executed_lines": [], "summary": {"covered_lines": 0, "num_statements": 73, "percent_covered": 0.0, "percent_covered_display": "0", "missing_lines": 73, "excluded_lines": 0}, "missing_lines": [406, 407, 408, 410, 411, 413, 426, 434, 437, 438, 452, 459, 460, 462, 463, 464, 466, 467, 468, 469, 470, 471, 473, 474, 475, 478, 479, 480, 482, 491, 500, 501, 502, 503, 506, 508, 509, 510, 511, 512, 513, 515, 516, 518, 520, 523, 524, 526, 534, 535, 538, 545, 557, 558, 560, 561, 562, 563, 565, 566, 568, 569, 572, 573, 575, 576, 585, 586, 587, 589, 590, 598, 599], "excluded_lines": []}, "BehavioralLogger": {"executed_lines": [], "summary": {"covered_lines": 0, "num_statements": 78, "percent_covered": 0.0, "percent_covered_display": "0", "missing_lines": 78, "excluded_lines": 0}, "missing_lines": [614, 615, 616, 618, 619, 620, 622, 635, 645, 646, 649, 650, 651, 669, 677, 686, 694, 695, 696, 697, 699, 707, 708, 709, 710, 711, 713, 720, 721, 722, 723, 726, 727, 728, 730, 731, 732, 733, 734, 736, 737, 738, 740, 741, 742, 743, 745, 746, 747, 748, 749, 750, 751, 753, 755, 760, 767, 779, 780, 782, 783, 784, 785, 787, 788, 790, 791, 794, 795, 797, 798, 806, 807, 808, 810, 811, 817, 818], "excluded_lines": []}, "": {"executed_lines": [1, 8, 9, 10, 11, 12, 13, 14, 15, 16, 17, 19, 20, 21, 24, 25, 26, 37, 40, 41, 42, 43, 44, 45, 46, 47, 48, 49, 50, 51, 54, 55, 56, 57, 58, 59, 60, 61, 62, 63, 66, 67, 71, 97, 127, 157, 188, 207, 221, 248, 276, 284, 334, 394, 395, 399, 415, 445, 547, 602, 603, 607, 624, 658, 679, 769], "summary": {"covered_lines": 59, "num_statements": 59, "percent_covered": 100.0, "percent_covered_display": "100", "missing_lines": 0, "excluded_lines": 0}, "missing_lines": [], "excluded_lines": []}}}}, "totals": {"covered_lines": 4957, "num_statements": 16309, "percent_covered": 30.394260837574347, "percent_covered_display": "30", "missing_lines": 11352, "excluded_lines": 114}}